/*C119*/SET SCHEMA PUBLIC
DISCONNECT
/*C120*/SET SCHEMA PUBLIC
DROP TABLE user_roles IF EXISTS
DROP TABLE meals IF EXISTS
DROP TABLE users IF EXISTS
DROP SEQUENCE global_seq IF EXISTS
CREATE SEQUENCE GLOBAL_SEQ AS INTEGER START WITH 100000
CREATE TABLE users ( id INTEGER GENERATED BY DEFAULT AS SEQUENCE GLOBAL_SEQ PRIMARY KEY, name VARCHAR(255) NOT NULL, email VARCHAR(255) NOT NULL, password VARCHAR(255) NOT NULL, registered TIMESTAMP DEFAULT now() NOT NULL, enabled BOOLEAN DEFAULT TRUE NOT NULL, calories_per_day INTEGER DEFAULT 2000 NOT NULL )
CREATE UNIQUE INDEX users_unique_email_idx ON USERS (email)
CREATE TABLE user_roles ( user_id INTEGER NOT NULL, role VARCHAR(255), CONSTRAINT user_roles_idx UNIQUE (user_id, role), FOREIGN KEY (user_id) REFERENCES USERS (id) ON DELETE CASCADE )
CREATE TABLE meals ( id INTEGER GENERATED BY DEFAULT AS SEQUENCE GLOBAL_SEQ PRIMARY KEY, date_time TIMESTAMP NOT NULL, description VARCHAR(255) NOT NULL, calories INT NOT NULL, user_id INTEGER NOT NULL, FOREIGN KEY (user_id) REFERENCES USERS (id) ON DELETE CASCADE )
CREATE UNIQUE INDEX meals_unique_user_datetime_idx ON meals (user_id, date_time)
ALTER SEQUENCE global_seq RESTART WITH 100000
INSERT INTO USERS VALUES(100000,'User','user@yandex.ru','password','2020-07-07 01:18:26.704000',TRUE,2000)
INSERT INTO USERS VALUES(100001,'Admin','admin@gmail.com','admin','2020-07-07 01:18:26.704000',TRUE,2000)
ALTER SEQUENCE PUBLIC.GLOBAL_SEQ RESTART WITH 100002
COMMIT
INSERT INTO USER_ROLES VALUES(100000,'USER')
INSERT INTO USER_ROLES VALUES(100001,'ADMIN')
COMMIT
INSERT INTO MEALS VALUES(100002,'2020-01-30 10:00:00.000000','\u0417\u0430\u0432\u0442\u0440\u0430\u043a',500,100000)
INSERT INTO MEALS VALUES(100003,'2020-01-30 13:00:00.000000','\u041e\u0431\u0435\u0434',1000,100000)
INSERT INTO MEALS VALUES(100004,'2020-01-30 20:00:00.000000','\u0423\u0436\u0438\u043d',500,100000)
INSERT INTO MEALS VALUES(100005,'2020-01-31 00:00:00.000000','\u0415\u0434\u0430 \u043d\u0430 \u0433\u0440\u0430\u043d\u0438\u0447\u043d\u043e\u0435 \u0437\u043d\u0430\u0447\u0435\u043d\u0438\u0435',100,100000)
INSERT INTO MEALS VALUES(100006,'2020-01-31 10:00:00.000000','\u0417\u0430\u0432\u0442\u0440\u0430\u043a',500,100000)
INSERT INTO MEALS VALUES(100007,'2020-01-31 13:00:00.000000','\u041e\u0431\u0435\u0434',1000,100000)
INSERT INTO MEALS VALUES(100008,'2020-01-31 20:00:00.000000','\u0423\u0436\u0438\u043d',510,100000)
INSERT INTO MEALS VALUES(100009,'2020-01-31 14:00:00.000000','\u0410\u0434\u043c\u0438\u043d \u043b\u0430\u043d\u0447',510,100001)
INSERT INTO MEALS VALUES(100010,'2020-01-31 21:00:00.000000','\u0410\u0434\u043c\u0438\u043d \u0443\u0436\u0438\u043d',1500,100001)
ALTER SEQUENCE PUBLIC.GLOBAL_SEQ RESTART WITH 100011
COMMIT
DISCONNECT
/*C121*/SET SCHEMA PUBLIC
DELETE FROM USER_ROLES WHERE USER_ID=100000 AND ROLE='USER'
DELETE FROM USER_ROLES WHERE USER_ID=100001 AND ROLE='ADMIN'
DELETE FROM USERS WHERE ID=100000
DELETE FROM USERS WHERE ID=100001
DELETE FROM MEALS WHERE ID=100002
DELETE FROM MEALS WHERE ID=100003
DELETE FROM MEALS WHERE ID=100004
DELETE FROM MEALS WHERE ID=100005
DELETE FROM MEALS WHERE ID=100006
DELETE FROM MEALS WHERE ID=100007
DELETE FROM MEALS WHERE ID=100008
DELETE FROM MEALS WHERE ID=100009
DELETE FROM MEALS WHERE ID=100010
COMMIT
ALTER SEQUENCE global_seq RESTART WITH 100000
INSERT INTO USERS VALUES(100000,'User','user@yandex.ru','password','2020-07-07 01:18:26.729000',TRUE,2000)
INSERT INTO USERS VALUES(100001,'Admin','admin@gmail.com','admin','2020-07-07 01:18:26.729000',TRUE,2000)
INSERT INTO USER_ROLES VALUES(100000,'USER')
INSERT INTO USER_ROLES VALUES(100001,'ADMIN')
INSERT INTO MEALS VALUES(100002,'2020-01-30 10:00:00.000000','\u0417\u0430\u0432\u0442\u0440\u0430\u043a',500,100000)
INSERT INTO MEALS VALUES(100003,'2020-01-30 13:00:00.000000','\u041e\u0431\u0435\u0434',1000,100000)
INSERT INTO MEALS VALUES(100004,'2020-01-30 20:00:00.000000','\u0423\u0436\u0438\u043d',500,100000)
INSERT INTO MEALS VALUES(100005,'2020-01-31 00:00:00.000000','\u0415\u0434\u0430 \u043d\u0430 \u0433\u0440\u0430\u043d\u0438\u0447\u043d\u043e\u0435 \u0437\u043d\u0430\u0447\u0435\u043d\u0438\u0435',100,100000)
INSERT INTO MEALS VALUES(100006,'2020-01-31 10:00:00.000000','\u0417\u0430\u0432\u0442\u0440\u0430\u043a',500,100000)
INSERT INTO MEALS VALUES(100007,'2020-01-31 13:00:00.000000','\u041e\u0431\u0435\u0434',1000,100000)
INSERT INTO MEALS VALUES(100008,'2020-01-31 20:00:00.000000','\u0423\u0436\u0438\u043d',510,100000)
INSERT INTO MEALS VALUES(100009,'2020-01-31 14:00:00.000000','\u0410\u0434\u043c\u0438\u043d \u043b\u0430\u043d\u0447',510,100001)
INSERT INTO MEALS VALUES(100010,'2020-01-31 21:00:00.000000','\u0410\u0434\u043c\u0438\u043d \u0443\u0436\u0438\u043d',1500,100001)
ALTER SEQUENCE PUBLIC.GLOBAL_SEQ RESTART WITH 100011
COMMIT
DISCONNECT
/*C122*/SET SCHEMA PUBLIC
DISCONNECT
/*C123*/SET SCHEMA PUBLIC
DELETE FROM USER_ROLES WHERE USER_ID=100000 AND ROLE='USER'
DELETE FROM USER_ROLES WHERE USER_ID=100001 AND ROLE='ADMIN'
DELETE FROM USERS WHERE ID=100000
DELETE FROM USERS WHERE ID=100001
DELETE FROM MEALS WHERE ID=100002
DELETE FROM MEALS WHERE ID=100003
DELETE FROM MEALS WHERE ID=100004
DELETE FROM MEALS WHERE ID=100005
DELETE FROM MEALS WHERE ID=100006
DELETE FROM MEALS WHERE ID=100007
DELETE FROM MEALS WHERE ID=100008
DELETE FROM MEALS WHERE ID=100009
DELETE FROM MEALS WHERE ID=100010
COMMIT
ALTER SEQUENCE global_seq RESTART WITH 100000
INSERT INTO USERS VALUES(100000,'User','user@yandex.ru','password','2020-07-07 01:18:26.796000',TRUE,2000)
INSERT INTO USERS VALUES(100001,'Admin','admin@gmail.com','admin','2020-07-07 01:18:26.796000',TRUE,2000)
INSERT INTO USER_ROLES VALUES(100000,'USER')
INSERT INTO USER_ROLES VALUES(100001,'ADMIN')
INSERT INTO MEALS VALUES(100002,'2020-01-30 10:00:00.000000','\u0417\u0430\u0432\u0442\u0440\u0430\u043a',500,100000)
INSERT INTO MEALS VALUES(100003,'2020-01-30 13:00:00.000000','\u041e\u0431\u0435\u0434',1000,100000)
INSERT INTO MEALS VALUES(100004,'2020-01-30 20:00:00.000000','\u0423\u0436\u0438\u043d',500,100000)
INSERT INTO MEALS VALUES(100005,'2020-01-31 00:00:00.000000','\u0415\u0434\u0430 \u043d\u0430 \u0433\u0440\u0430\u043d\u0438\u0447\u043d\u043e\u0435 \u0437\u043d\u0430\u0447\u0435\u043d\u0438\u0435',100,100000)
INSERT INTO MEALS VALUES(100006,'2020-01-31 10:00:00.000000','\u0417\u0430\u0432\u0442\u0440\u0430\u043a',500,100000)
INSERT INTO MEALS VALUES(100007,'2020-01-31 13:00:00.000000','\u041e\u0431\u0435\u0434',1000,100000)
INSERT INTO MEALS VALUES(100008,'2020-01-31 20:00:00.000000','\u0423\u0436\u0438\u043d',510,100000)
INSERT INTO MEALS VALUES(100009,'2020-01-31 14:00:00.000000','\u0410\u0434\u043c\u0438\u043d \u043b\u0430\u043d\u0447',510,100001)
INSERT INTO MEALS VALUES(100010,'2020-01-31 21:00:00.000000','\u0410\u0434\u043c\u0438\u043d \u0443\u0436\u0438\u043d',1500,100001)
ALTER SEQUENCE PUBLIC.GLOBAL_SEQ RESTART WITH 100011
COMMIT
DISCONNECT
/*C124*/SET SCHEMA PUBLIC
DISCONNECT
/*C125*/SET SCHEMA PUBLIC
INSERT INTO MEALS VALUES(100011,'2020-02-01 18:00:00.000000','\u0421\u043e\u0437\u0434\u0430\u043d\u043d\u044b\u0439 \u0443\u0436\u0438\u043d',300,100000)
ALTER SEQUENCE PUBLIC.GLOBAL_SEQ RESTART WITH 100012
COMMIT
DISCONNECT
/*C126*/SET SCHEMA PUBLIC
DISCONNECT
/*C127*/SET SCHEMA PUBLIC
DISCONNECT
/*C128*/SET SCHEMA PUBLIC
DELETE FROM USER_ROLES WHERE USER_ID=100000 AND ROLE='USER'
DELETE FROM USER_ROLES WHERE USER_ID=100001 AND ROLE='ADMIN'
DELETE FROM USERS WHERE ID=100000
DELETE FROM USERS WHERE ID=100001
DELETE FROM MEALS WHERE ID=100002
DELETE FROM MEALS WHERE ID=100003
DELETE FROM MEALS WHERE ID=100004
DELETE FROM MEALS WHERE ID=100005
DELETE FROM MEALS WHERE ID=100006
DELETE FROM MEALS WHERE ID=100007
DELETE FROM MEALS WHERE ID=100008
DELETE FROM MEALS WHERE ID=100011
DELETE FROM MEALS WHERE ID=100009
DELETE FROM MEALS WHERE ID=100010
COMMIT
ALTER SEQUENCE global_seq RESTART WITH 100000
INSERT INTO USERS VALUES(100000,'User','user@yandex.ru','password','2020-07-07 01:18:26.869000',TRUE,2000)
INSERT INTO USERS VALUES(100001,'Admin','admin@gmail.com','admin','2020-07-07 01:18:26.869000',TRUE,2000)
INSERT INTO USER_ROLES VALUES(100000,'USER')
INSERT INTO USER_ROLES VALUES(100001,'ADMIN')
INSERT INTO MEALS VALUES(100002,'2020-01-30 10:00:00.000000','\u0417\u0430\u0432\u0442\u0440\u0430\u043a',500,100000)
INSERT INTO MEALS VALUES(100003,'2020-01-30 13:00:00.000000','\u041e\u0431\u0435\u0434',1000,100000)
INSERT INTO MEALS VALUES(100004,'2020-01-30 20:00:00.000000','\u0423\u0436\u0438\u043d',500,100000)
INSERT INTO MEALS VALUES(100005,'2020-01-31 00:00:00.000000','\u0415\u0434\u0430 \u043d\u0430 \u0433\u0440\u0430\u043d\u0438\u0447\u043d\u043e\u0435 \u0437\u043d\u0430\u0447\u0435\u043d\u0438\u0435',100,100000)
INSERT INTO MEALS VALUES(100006,'2020-01-31 10:00:00.000000','\u0417\u0430\u0432\u0442\u0440\u0430\u043a',500,100000)
INSERT INTO MEALS VALUES(100007,'2020-01-31 13:00:00.000000','\u041e\u0431\u0435\u0434',1000,100000)
INSERT INTO MEALS VALUES(100008,'2020-01-31 20:00:00.000000','\u0423\u0436\u0438\u043d',510,100000)
INSERT INTO MEALS VALUES(100009,'2020-01-31 14:00:00.000000','\u0410\u0434\u043c\u0438\u043d \u043b\u0430\u043d\u0447',510,100001)
INSERT INTO MEALS VALUES(100010,'2020-01-31 21:00:00.000000','\u0410\u0434\u043c\u0438\u043d \u0443\u0436\u0438\u043d',1500,100001)
ALTER SEQUENCE PUBLIC.GLOBAL_SEQ RESTART WITH 100011
COMMIT
DISCONNECT
/*C129*/SET SCHEMA PUBLIC
DISCONNECT
/*C130*/SET SCHEMA PUBLIC
DELETE FROM MEALS WHERE ID=100002
COMMIT
DISCONNECT
/*C131*/SET SCHEMA PUBLIC
DISCONNECT
/*C132*/SET SCHEMA PUBLIC
DISCONNECT
/*C133*/SET SCHEMA PUBLIC
DELETE FROM USER_ROLES WHERE USER_ID=100000 AND ROLE='USER'
DELETE FROM USER_ROLES WHERE USER_ID=100001 AND ROLE='ADMIN'
DELETE FROM USERS WHERE ID=100000
DELETE FROM USERS WHERE ID=100001
DELETE FROM MEALS WHERE ID=100003
DELETE FROM MEALS WHERE ID=100004
DELETE FROM MEALS WHERE ID=100005
DELETE FROM MEALS WHERE ID=100006
DELETE FROM MEALS WHERE ID=100007
DELETE FROM MEALS WHERE ID=100008
DELETE FROM MEALS WHERE ID=100009
DELETE FROM MEALS WHERE ID=100010
COMMIT
ALTER SEQUENCE global_seq RESTART WITH 100000
INSERT INTO USERS VALUES(100000,'User','user@yandex.ru','password','2020-07-07 01:18:26.887000',TRUE,2000)
INSERT INTO USERS VALUES(100001,'Admin','admin@gmail.com','admin','2020-07-07 01:18:26.887000',TRUE,2000)
INSERT INTO USER_ROLES VALUES(100000,'USER')
INSERT INTO USER_ROLES VALUES(100001,'ADMIN')
INSERT INTO MEALS VALUES(100002,'2020-01-30 10:00:00.000000','\u0417\u0430\u0432\u0442\u0440\u0430\u043a',500,100000)
INSERT INTO MEALS VALUES(100003,'2020-01-30 13:00:00.000000','\u041e\u0431\u0435\u0434',1000,100000)
INSERT INTO MEALS VALUES(100004,'2020-01-30 20:00:00.000000','\u0423\u0436\u0438\u043d',500,100000)
INSERT INTO MEALS VALUES(100005,'2020-01-31 00:00:00.000000','\u0415\u0434\u0430 \u043d\u0430 \u0433\u0440\u0430\u043d\u0438\u0447\u043d\u043e\u0435 \u0437\u043d\u0430\u0447\u0435\u043d\u0438\u0435',100,100000)
INSERT INTO MEALS VALUES(100006,'2020-01-31 10:00:00.000000','\u0417\u0430\u0432\u0442\u0440\u0430\u043a',500,100000)
INSERT INTO MEALS VALUES(100007,'2020-01-31 13:00:00.000000','\u041e\u0431\u0435\u0434',1000,100000)
INSERT INTO MEALS VALUES(100008,'2020-01-31 20:00:00.000000','\u0423\u0436\u0438\u043d',510,100000)
INSERT INTO MEALS VALUES(100009,'2020-01-31 14:00:00.000000','\u0410\u0434\u043c\u0438\u043d \u043b\u0430\u043d\u0447',510,100001)
INSERT INTO MEALS VALUES(100010,'2020-01-31 21:00:00.000000','\u0410\u0434\u043c\u0438\u043d \u0443\u0436\u0438\u043d',1500,100001)
ALTER SEQUENCE PUBLIC.GLOBAL_SEQ RESTART WITH 100011
COMMIT
DISCONNECT
/*C134*/SET SCHEMA PUBLIC
DISCONNECT
/*C135*/SET SCHEMA PUBLIC
DELETE FROM USER_ROLES WHERE USER_ID=100000 AND ROLE='USER'
DELETE FROM USER_ROLES WHERE USER_ID=100001 AND ROLE='ADMIN'
DELETE FROM USERS WHERE ID=100000
DELETE FROM USERS WHERE ID=100001
DELETE FROM MEALS WHERE ID=100002
DELETE FROM MEALS WHERE ID=100003
DELETE FROM MEALS WHERE ID=100004
DELETE FROM MEALS WHERE ID=100005
DELETE FROM MEALS WHERE ID=100006
DELETE FROM MEALS WHERE ID=100007
DELETE FROM MEALS WHERE ID=100008
DELETE FROM MEALS WHERE ID=100009
DELETE FROM MEALS WHERE ID=100010
COMMIT
ALTER SEQUENCE global_seq RESTART WITH 100000
INSERT INTO USERS VALUES(100000,'User','user@yandex.ru','password','2020-07-07 01:18:26.895000',TRUE,2000)
INSERT INTO USERS VALUES(100001,'Admin','admin@gmail.com','admin','2020-07-07 01:18:26.895000',TRUE,2000)
INSERT INTO USER_ROLES VALUES(100000,'USER')
INSERT INTO USER_ROLES VALUES(100001,'ADMIN')
INSERT INTO MEALS VALUES(100002,'2020-01-30 10:00:00.000000','\u0417\u0430\u0432\u0442\u0440\u0430\u043a',500,100000)
INSERT INTO MEALS VALUES(100003,'2020-01-30 13:00:00.000000','\u041e\u0431\u0435\u0434',1000,100000)
INSERT INTO MEALS VALUES(100004,'2020-01-30 20:00:00.000000','\u0423\u0436\u0438\u043d',500,100000)
INSERT INTO MEALS VALUES(100005,'2020-01-31 00:00:00.000000','\u0415\u0434\u0430 \u043d\u0430 \u0433\u0440\u0430\u043d\u0438\u0447\u043d\u043e\u0435 \u0437\u043d\u0430\u0447\u0435\u043d\u0438\u0435',100,100000)
INSERT INTO MEALS VALUES(100006,'2020-01-31 10:00:00.000000','\u0417\u0430\u0432\u0442\u0440\u0430\u043a',500,100000)
INSERT INTO MEALS VALUES(100007,'2020-01-31 13:00:00.000000','\u041e\u0431\u0435\u0434',1000,100000)
INSERT INTO MEALS VALUES(100008,'2020-01-31 20:00:00.000000','\u0423\u0436\u0438\u043d',510,100000)
INSERT INTO MEALS VALUES(100009,'2020-01-31 14:00:00.000000','\u0410\u0434\u043c\u0438\u043d \u043b\u0430\u043d\u0447',510,100001)
INSERT INTO MEALS VALUES(100010,'2020-01-31 21:00:00.000000','\u0410\u0434\u043c\u0438\u043d \u0443\u0436\u0438\u043d',1500,100001)
ALTER SEQUENCE PUBLIC.GLOBAL_SEQ RESTART WITH 100011
COMMIT
DISCONNECT
/*C136*/SET SCHEMA PUBLIC
DISCONNECT
/*C137*/SET SCHEMA PUBLIC
DISCONNECT
/*C138*/SET SCHEMA PUBLIC
DISCONNECT
/*C139*/SET SCHEMA PUBLIC
DELETE FROM USER_ROLES WHERE USER_ID=100000 AND ROLE='USER'
DELETE FROM USER_ROLES WHERE USER_ID=100001 AND ROLE='ADMIN'
DELETE FROM USERS WHERE ID=100000
DELETE FROM USERS WHERE ID=100001
DELETE FROM MEALS WHERE ID=100002
DELETE FROM MEALS WHERE ID=100003
DELETE FROM MEALS WHERE ID=100004
DELETE FROM MEALS WHERE ID=100005
DELETE FROM MEALS WHERE ID=100006
DELETE FROM MEALS WHERE ID=100007
DELETE FROM MEALS WHERE ID=100008
DELETE FROM MEALS WHERE ID=100009
DELETE FROM MEALS WHERE ID=100010
COMMIT
ALTER SEQUENCE global_seq RESTART WITH 100000
INSERT INTO USERS VALUES(100000,'User','user@yandex.ru','password','2020-07-07 01:18:26.902000',TRUE,2000)
INSERT INTO USERS VALUES(100001,'Admin','admin@gmail.com','admin','2020-07-07 01:18:26.902000',TRUE,2000)
INSERT INTO USER_ROLES VALUES(100000,'USER')
INSERT INTO USER_ROLES VALUES(100001,'ADMIN')
INSERT INTO MEALS VALUES(100002,'2020-01-30 10:00:00.000000','\u0417\u0430\u0432\u0442\u0440\u0430\u043a',500,100000)
INSERT INTO MEALS VALUES(100003,'2020-01-30 13:00:00.000000','\u041e\u0431\u0435\u0434',1000,100000)
INSERT INTO MEALS VALUES(100004,'2020-01-30 20:00:00.000000','\u0423\u0436\u0438\u043d',500,100000)
INSERT INTO MEALS VALUES(100005,'2020-01-31 00:00:00.000000','\u0415\u0434\u0430 \u043d\u0430 \u0433\u0440\u0430\u043d\u0438\u0447\u043d\u043e\u0435 \u0437\u043d\u0430\u0447\u0435\u043d\u0438\u0435',100,100000)
INSERT INTO MEALS VALUES(100006,'2020-01-31 10:00:00.000000','\u0417\u0430\u0432\u0442\u0440\u0430\u043a',500,100000)
INSERT INTO MEALS VALUES(100007,'2020-01-31 13:00:00.000000','\u041e\u0431\u0435\u0434',1000,100000)
INSERT INTO MEALS VALUES(100008,'2020-01-31 20:00:00.000000','\u0423\u0436\u0438\u043d',510,100000)
INSERT INTO MEALS VALUES(100009,'2020-01-31 14:00:00.000000','\u0410\u0434\u043c\u0438\u043d \u043b\u0430\u043d\u0447',510,100001)
INSERT INTO MEALS VALUES(100010,'2020-01-31 21:00:00.000000','\u0410\u0434\u043c\u0438\u043d \u0443\u0436\u0438\u043d',1500,100001)
ALTER SEQUENCE PUBLIC.GLOBAL_SEQ RESTART WITH 100011
COMMIT
DISCONNECT
/*C140*/SET SCHEMA PUBLIC
DISCONNECT
/*C141*/SET SCHEMA PUBLIC
DISCONNECT
/*C142*/SET SCHEMA PUBLIC
DELETE FROM USER_ROLES WHERE USER_ID=100000 AND ROLE='USER'
DELETE FROM USER_ROLES WHERE USER_ID=100001 AND ROLE='ADMIN'
DELETE FROM USERS WHERE ID=100000
DELETE FROM USERS WHERE ID=100001
DELETE FROM MEALS WHERE ID=100002
DELETE FROM MEALS WHERE ID=100003
DELETE FROM MEALS WHERE ID=100004
DELETE FROM MEALS WHERE ID=100005
DELETE FROM MEALS WHERE ID=100006
DELETE FROM MEALS WHERE ID=100007
DELETE FROM MEALS WHERE ID=100008
DELETE FROM MEALS WHERE ID=100009
DELETE FROM MEALS WHERE ID=100010
COMMIT
ALTER SEQUENCE global_seq RESTART WITH 100000
INSERT INTO USERS VALUES(100000,'User','user@yandex.ru','password','2020-07-07 01:18:26.908000',TRUE,2000)
INSERT INTO USERS VALUES(100001,'Admin','admin@gmail.com','admin','2020-07-07 01:18:26.908000',TRUE,2000)
INSERT INTO USER_ROLES VALUES(100000,'USER')
INSERT INTO USER_ROLES VALUES(100001,'ADMIN')
INSERT INTO MEALS VALUES(100002,'2020-01-30 10:00:00.000000','\u0417\u0430\u0432\u0442\u0440\u0430\u043a',500,100000)
INSERT INTO MEALS VALUES(100003,'2020-01-30 13:00:00.000000','\u041e\u0431\u0435\u0434',1000,100000)
INSERT INTO MEALS VALUES(100004,'2020-01-30 20:00:00.000000','\u0423\u0436\u0438\u043d',500,100000)
INSERT INTO MEALS VALUES(100005,'2020-01-31 00:00:00.000000','\u0415\u0434\u0430 \u043d\u0430 \u0433\u0440\u0430\u043d\u0438\u0447\u043d\u043e\u0435 \u0437\u043d\u0430\u0447\u0435\u043d\u0438\u0435',100,100000)
INSERT INTO MEALS VALUES(100006,'2020-01-31 10:00:00.000000','\u0417\u0430\u0432\u0442\u0440\u0430\u043a',500,100000)
INSERT INTO MEALS VALUES(100007,'2020-01-31 13:00:00.000000','\u041e\u0431\u0435\u0434',1000,100000)
INSERT INTO MEALS VALUES(100008,'2020-01-31 20:00:00.000000','\u0423\u0436\u0438\u043d',510,100000)
INSERT INTO MEALS VALUES(100009,'2020-01-31 14:00:00.000000','\u0410\u0434\u043c\u0438\u043d \u043b\u0430\u043d\u0447',510,100001)
INSERT INTO MEALS VALUES(100010,'2020-01-31 21:00:00.000000','\u0410\u0434\u043c\u0438\u043d \u0443\u0436\u0438\u043d',1500,100001)
ALTER SEQUENCE PUBLIC.GLOBAL_SEQ RESTART WITH 100011
COMMIT
DISCONNECT
/*C143*/SET SCHEMA PUBLIC
DISCONNECT
/*C144*/SET SCHEMA PUBLIC
DISCONNECT
/*C145*/SET SCHEMA PUBLIC
DISCONNECT
/*C146*/SET SCHEMA PUBLIC
DELETE FROM MEALS WHERE ID=100002
INSERT INTO MEALS VALUES(100002,'2020-01-30 10:00:00.000000','\u041e\u0431\u043d\u043e\u0432\u043b\u0435\u043d\u043d\u044b\u0439 \u0437\u0430\u0432\u0442\u0440\u0430\u043a',200,100000)
COMMIT
DISCONNECT
/*C147*/SET SCHEMA PUBLIC
DISCONNECT
/*C148*/SET SCHEMA PUBLIC
DISCONNECT
/*C149*/SET SCHEMA PUBLIC
DELETE FROM USER_ROLES WHERE USER_ID=100000 AND ROLE='USER'
DELETE FROM USER_ROLES WHERE USER_ID=100001 AND ROLE='ADMIN'
DELETE FROM USERS WHERE ID=100000
DELETE FROM USERS WHERE ID=100001
DELETE FROM MEALS WHERE ID=100003
DELETE FROM MEALS WHERE ID=100004
DELETE FROM MEALS WHERE ID=100005
DELETE FROM MEALS WHERE ID=100006
DELETE FROM MEALS WHERE ID=100007
DELETE FROM MEALS WHERE ID=100008
DELETE FROM MEALS WHERE ID=100002
DELETE FROM MEALS WHERE ID=100009
DELETE FROM MEALS WHERE ID=100010
COMMIT
ALTER SEQUENCE global_seq RESTART WITH 100000
INSERT INTO USERS VALUES(100000,'User','user@yandex.ru','password','2020-07-07 01:18:26.926000',TRUE,2000)
INSERT INTO USERS VALUES(100001,'Admin','admin@gmail.com','admin','2020-07-07 01:18:26.926000',TRUE,2000)
INSERT INTO USER_ROLES VALUES(100000,'USER')
INSERT INTO USER_ROLES VALUES(100001,'ADMIN')
INSERT INTO MEALS VALUES(100002,'2020-01-30 10:00:00.000000','\u0417\u0430\u0432\u0442\u0440\u0430\u043a',500,100000)
INSERT INTO MEALS VALUES(100003,'2020-01-30 13:00:00.000000','\u041e\u0431\u0435\u0434',1000,100000)
INSERT INTO MEALS VALUES(100004,'2020-01-30 20:00:00.000000','\u0423\u0436\u0438\u043d',500,100000)
INSERT INTO MEALS VALUES(100005,'2020-01-31 00:00:00.000000','\u0415\u0434\u0430 \u043d\u0430 \u0433\u0440\u0430\u043d\u0438\u0447\u043d\u043e\u0435 \u0437\u043d\u0430\u0447\u0435\u043d\u0438\u0435',100,100000)
INSERT INTO MEALS VALUES(100006,'2020-01-31 10:00:00.000000','\u0417\u0430\u0432\u0442\u0440\u0430\u043a',500,100000)
INSERT INTO MEALS VALUES(100007,'2020-01-31 13:00:00.000000','\u041e\u0431\u0435\u0434',1000,100000)
INSERT INTO MEALS VALUES(100008,'2020-01-31 20:00:00.000000','\u0423\u0436\u0438\u043d',510,100000)
INSERT INTO MEALS VALUES(100009,'2020-01-31 14:00:00.000000','\u0410\u0434\u043c\u0438\u043d \u043b\u0430\u043d\u0447',510,100001)
INSERT INTO MEALS VALUES(100010,'2020-01-31 21:00:00.000000','\u0410\u0434\u043c\u0438\u043d \u0443\u0436\u0438\u043d',1500,100001)
ALTER SEQUENCE PUBLIC.GLOBAL_SEQ RESTART WITH 100011
COMMIT
DISCONNECT
/*C150*/SET SCHEMA PUBLIC
DISCONNECT
/*C151*/SET SCHEMA PUBLIC
DISCONNECT
/*C152*/SET SCHEMA PUBLIC
DELETE FROM USER_ROLES WHERE USER_ID=100000 AND ROLE='USER'
DELETE FROM USER_ROLES WHERE USER_ID=100001 AND ROLE='ADMIN'
DELETE FROM USERS WHERE ID=100000
DELETE FROM USERS WHERE ID=100001
DELETE FROM MEALS WHERE ID=100002
DELETE FROM MEALS WHERE ID=100003
DELETE FROM MEALS WHERE ID=100004
DELETE FROM MEALS WHERE ID=100005
DELETE FROM MEALS WHERE ID=100006
DELETE FROM MEALS WHERE ID=100007
DELETE FROM MEALS WHERE ID=100008
DELETE FROM MEALS WHERE ID=100009
DELETE FROM MEALS WHERE ID=100010
COMMIT
ALTER SEQUENCE global_seq RESTART WITH 100000
INSERT INTO USERS VALUES(100000,'User','user@yandex.ru','password','2020-07-07 01:18:26.932000',TRUE,2000)
INSERT INTO USERS VALUES(100001,'Admin','admin@gmail.com','admin','2020-07-07 01:18:26.932000',TRUE,2000)
INSERT INTO USER_ROLES VALUES(100000,'USER')
INSERT INTO USER_ROLES VALUES(100001,'ADMIN')
INSERT INTO MEALS VALUES(100002,'2020-01-30 10:00:00.000000','\u0417\u0430\u0432\u0442\u0440\u0430\u043a',500,100000)
INSERT INTO MEALS VALUES(100003,'2020-01-30 13:00:00.000000','\u041e\u0431\u0435\u0434',1000,100000)
INSERT INTO MEALS VALUES(100004,'2020-01-30 20:00:00.000000','\u0423\u0436\u0438\u043d',500,100000)
INSERT INTO MEALS VALUES(100005,'2020-01-31 00:00:00.000000','\u0415\u0434\u0430 \u043d\u0430 \u0433\u0440\u0430\u043d\u0438\u0447\u043d\u043e\u0435 \u0437\u043d\u0430\u0447\u0435\u043d\u0438\u0435',100,100000)
INSERT INTO MEALS VALUES(100006,'2020-01-31 10:00:00.000000','\u0417\u0430\u0432\u0442\u0440\u0430\u043a',500,100000)
INSERT INTO MEALS VALUES(100007,'2020-01-31 13:00:00.000000','\u041e\u0431\u0435\u0434',1000,100000)
INSERT INTO MEALS VALUES(100008,'2020-01-31 20:00:00.000000','\u0423\u0436\u0438\u043d',510,100000)
INSERT INTO MEALS VALUES(100009,'2020-01-31 14:00:00.000000','\u0410\u0434\u043c\u0438\u043d \u043b\u0430\u043d\u0447',510,100001)
INSERT INTO MEALS VALUES(100010,'2020-01-31 21:00:00.000000','\u0410\u0434\u043c\u0438\u043d \u0443\u0436\u0438\u043d',1500,100001)
ALTER SEQUENCE PUBLIC.GLOBAL_SEQ RESTART WITH 100011
COMMIT
DISCONNECT
/*C153*/SET SCHEMA PUBLIC
DISCONNECT
/*C154*/SET SCHEMA PUBLIC
DISCONNECT
/*C155*/SET SCHEMA PUBLIC
DELETE FROM USER_ROLES WHERE USER_ID=100000 AND ROLE='USER'
DELETE FROM USER_ROLES WHERE USER_ID=100001 AND ROLE='ADMIN'
DELETE FROM USERS WHERE ID=100000
DELETE FROM USERS WHERE ID=100001
DELETE FROM MEALS WHERE ID=100002
DELETE FROM MEALS WHERE ID=100003
DELETE FROM MEALS WHERE ID=100004
DELETE FROM MEALS WHERE ID=100005
DELETE FROM MEALS WHERE ID=100006
DELETE FROM MEALS WHERE ID=100007
DELETE FROM MEALS WHERE ID=100008
DELETE FROM MEALS WHERE ID=100009
DELETE FROM MEALS WHERE ID=100010
COMMIT
ALTER SEQUENCE global_seq RESTART WITH 100000
INSERT INTO USERS VALUES(100000,'User','user@yandex.ru','password','2020-07-07 01:18:26.938000',TRUE,2000)
INSERT INTO USERS VALUES(100001,'Admin','admin@gmail.com','admin','2020-07-07 01:18:26.938000',TRUE,2000)
INSERT INTO USER_ROLES VALUES(100000,'USER')
INSERT INTO USER_ROLES VALUES(100001,'ADMIN')
INSERT INTO MEALS VALUES(100002,'2020-01-30 10:00:00.000000','\u0417\u0430\u0432\u0442\u0440\u0430\u043a',500,100000)
INSERT INTO MEALS VALUES(100003,'2020-01-30 13:00:00.000000','\u041e\u0431\u0435\u0434',1000,100000)
INSERT INTO MEALS VALUES(100004,'2020-01-30 20:00:00.000000','\u0423\u0436\u0438\u043d',500,100000)
INSERT INTO MEALS VALUES(100005,'2020-01-31 00:00:00.000000','\u0415\u0434\u0430 \u043d\u0430 \u0433\u0440\u0430\u043d\u0438\u0447\u043d\u043e\u0435 \u0437\u043d\u0430\u0447\u0435\u043d\u0438\u0435',100,100000)
INSERT INTO MEALS VALUES(100006,'2020-01-31 10:00:00.000000','\u0417\u0430\u0432\u0442\u0440\u0430\u043a',500,100000)
INSERT INTO MEALS VALUES(100007,'2020-01-31 13:00:00.000000','\u041e\u0431\u0435\u0434',1000,100000)
INSERT INTO MEALS VALUES(100008,'2020-01-31 20:00:00.000000','\u0423\u0436\u0438\u043d',510,100000)
INSERT INTO MEALS VALUES(100009,'2020-01-31 14:00:00.000000','\u0410\u0434\u043c\u0438\u043d \u043b\u0430\u043d\u0447',510,100001)
INSERT INTO MEALS VALUES(100010,'2020-01-31 21:00:00.000000','\u0410\u0434\u043c\u0438\u043d \u0443\u0436\u0438\u043d',1500,100001)
ALTER SEQUENCE PUBLIC.GLOBAL_SEQ RESTART WITH 100011
COMMIT
DISCONNECT
/*C156*/SET SCHEMA PUBLIC
DISCONNECT
/*C157*/SET SCHEMA PUBLIC
DISCONNECT
/*C158*/SET SCHEMA PUBLIC
DELETE FROM USER_ROLES WHERE USER_ID=100000 AND ROLE='USER'
DELETE FROM USER_ROLES WHERE USER_ID=100001 AND ROLE='ADMIN'
DELETE FROM USERS WHERE ID=100000
DELETE FROM USERS WHERE ID=100001
DELETE FROM MEALS WHERE ID=100002
DELETE FROM MEALS WHERE ID=100003
DELETE FROM MEALS WHERE ID=100004
DELETE FROM MEALS WHERE ID=100005
DELETE FROM MEALS WHERE ID=100006
DELETE FROM MEALS WHERE ID=100007
DELETE FROM MEALS WHERE ID=100008
DELETE FROM MEALS WHERE ID=100009
DELETE FROM MEALS WHERE ID=100010
COMMIT
ALTER SEQUENCE global_seq RESTART WITH 100000
INSERT INTO USERS VALUES(100000,'User','user@yandex.ru','password','2020-07-07 01:18:26.945000',TRUE,2000)
INSERT INTO USERS VALUES(100001,'Admin','admin@gmail.com','admin','2020-07-07 01:18:26.945000',TRUE,2000)
INSERT INTO USER_ROLES VALUES(100000,'USER')
INSERT INTO USER_ROLES VALUES(100001,'ADMIN')
INSERT INTO MEALS VALUES(100002,'2020-01-30 10:00:00.000000','\u0417\u0430\u0432\u0442\u0440\u0430\u043a',500,100000)
INSERT INTO MEALS VALUES(100003,'2020-01-30 13:00:00.000000','\u041e\u0431\u0435\u0434',1000,100000)
INSERT INTO MEALS VALUES(100004,'2020-01-30 20:00:00.000000','\u0423\u0436\u0438\u043d',500,100000)
INSERT INTO MEALS VALUES(100005,'2020-01-31 00:00:00.000000','\u0415\u0434\u0430 \u043d\u0430 \u0433\u0440\u0430\u043d\u0438\u0447\u043d\u043e\u0435 \u0437\u043d\u0430\u0447\u0435\u043d\u0438\u0435',100,100000)
INSERT INTO MEALS VALUES(100006,'2020-01-31 10:00:00.000000','\u0417\u0430\u0432\u0442\u0440\u0430\u043a',500,100000)
INSERT INTO MEALS VALUES(100007,'2020-01-31 13:00:00.000000','\u041e\u0431\u0435\u0434',1000,100000)
INSERT INTO MEALS VALUES(100008,'2020-01-31 20:00:00.000000','\u0423\u0436\u0438\u043d',510,100000)
INSERT INTO MEALS VALUES(100009,'2020-01-31 14:00:00.000000','\u0410\u0434\u043c\u0438\u043d \u043b\u0430\u043d\u0447',510,100001)
INSERT INTO MEALS VALUES(100010,'2020-01-31 21:00:00.000000','\u0410\u0434\u043c\u0438\u043d \u0443\u0436\u0438\u043d',1500,100001)
ALTER SEQUENCE PUBLIC.GLOBAL_SEQ RESTART WITH 100011
COMMIT
DISCONNECT
/*C159*/SET SCHEMA PUBLIC
DISCONNECT
/*C160*/SET SCHEMA PUBLIC
DISCONNECT
/*C161*/SET SCHEMA PUBLIC
DELETE FROM USER_ROLES WHERE USER_ID=100000 AND ROLE='USER'
DELETE FROM USER_ROLES WHERE USER_ID=100001 AND ROLE='ADMIN'
DELETE FROM USERS WHERE ID=100000
DELETE FROM USERS WHERE ID=100001
DELETE FROM MEALS WHERE ID=100002
DELETE FROM MEALS WHERE ID=100003
DELETE FROM MEALS WHERE ID=100004
DELETE FROM MEALS WHERE ID=100005
DELETE FROM MEALS WHERE ID=100006
DELETE FROM MEALS WHERE ID=100007
DELETE FROM MEALS WHERE ID=100008
DELETE FROM MEALS WHERE ID=100009
DELETE FROM MEALS WHERE ID=100010
COMMIT
ALTER SEQUENCE global_seq RESTART WITH 100000
INSERT INTO USERS VALUES(100000,'User','user@yandex.ru','password','2020-07-07 01:18:26.951000',TRUE,2000)
INSERT INTO USERS VALUES(100001,'Admin','admin@gmail.com','admin','2020-07-07 01:18:26.951000',TRUE,2000)
INSERT INTO USER_ROLES VALUES(100000,'USER')
INSERT INTO USER_ROLES VALUES(100001,'ADMIN')
INSERT INTO MEALS VALUES(100002,'2020-01-30 10:00:00.000000','\u0417\u0430\u0432\u0442\u0440\u0430\u043a',500,100000)
INSERT INTO MEALS VALUES(100003,'2020-01-30 13:00:00.000000','\u041e\u0431\u0435\u0434',1000,100000)
INSERT INTO MEALS VALUES(100004,'2020-01-30 20:00:00.000000','\u0423\u0436\u0438\u043d',500,100000)
INSERT INTO MEALS VALUES(100005,'2020-01-31 00:00:00.000000','\u0415\u0434\u0430 \u043d\u0430 \u0433\u0440\u0430\u043d\u0438\u0447\u043d\u043e\u0435 \u0437\u043d\u0430\u0447\u0435\u043d\u0438\u0435',100,100000)
INSERT INTO MEALS VALUES(100006,'2020-01-31 10:00:00.000000','\u0417\u0430\u0432\u0442\u0440\u0430\u043a',500,100000)
INSERT INTO MEALS VALUES(100007,'2020-01-31 13:00:00.000000','\u041e\u0431\u0435\u0434',1000,100000)
INSERT INTO MEALS VALUES(100008,'2020-01-31 20:00:00.000000','\u0423\u0436\u0438\u043d',510,100000)
INSERT INTO MEALS VALUES(100009,'2020-01-31 14:00:00.000000','\u0410\u0434\u043c\u0438\u043d \u043b\u0430\u043d\u0447',510,100001)
INSERT INTO MEALS VALUES(100010,'2020-01-31 21:00:00.000000','\u0410\u0434\u043c\u0438\u043d \u0443\u0436\u0438\u043d',1500,100001)
ALTER SEQUENCE PUBLIC.GLOBAL_SEQ RESTART WITH 100011
COMMIT
DISCONNECT
/*C162*/SET SCHEMA PUBLIC
DISCONNECT
/*C163*/SET SCHEMA PUBLIC
DISCONNECT
/*C164*/SET SCHEMA PUBLIC
DROP TABLE user_roles IF EXISTS
DROP TABLE meals IF EXISTS
DROP TABLE users IF EXISTS
DROP SEQUENCE global_seq IF EXISTS
CREATE SEQUENCE GLOBAL_SEQ AS INTEGER START WITH 100000
CREATE TABLE users ( id INTEGER GENERATED BY DEFAULT AS SEQUENCE GLOBAL_SEQ PRIMARY KEY, name VARCHAR(255) NOT NULL, email VARCHAR(255) NOT NULL, password VARCHAR(255) NOT NULL, registered TIMESTAMP DEFAULT now() NOT NULL, enabled BOOLEAN DEFAULT TRUE NOT NULL, calories_per_day INTEGER DEFAULT 2000 NOT NULL )
CREATE UNIQUE INDEX users_unique_email_idx ON USERS (email)
CREATE TABLE user_roles ( user_id INTEGER NOT NULL, role VARCHAR(255), CONSTRAINT user_roles_idx UNIQUE (user_id, role), FOREIGN KEY (user_id) REFERENCES USERS (id) ON DELETE CASCADE )
CREATE TABLE meals ( id INTEGER GENERATED BY DEFAULT AS SEQUENCE GLOBAL_SEQ PRIMARY KEY, date_time TIMESTAMP NOT NULL, description VARCHAR(255) NOT NULL, calories INT NOT NULL, user_id INTEGER NOT NULL, FOREIGN KEY (user_id) REFERENCES USERS (id) ON DELETE CASCADE )
CREATE UNIQUE INDEX meals_unique_user_datetime_idx ON meals (user_id, date_time)
ALTER SEQUENCE global_seq RESTART WITH 100000
INSERT INTO USERS VALUES(100000,'User','user@yandex.ru','password','2020-07-07 01:18:27.122000',TRUE,2000)
INSERT INTO USERS VALUES(100001,'Admin','admin@gmail.com','admin','2020-07-07 01:18:27.122000',TRUE,2000)
ALTER SEQUENCE PUBLIC.GLOBAL_SEQ RESTART WITH 100002
COMMIT
INSERT INTO USER_ROLES VALUES(100000,'USER')
INSERT INTO USER_ROLES VALUES(100001,'ADMIN')
COMMIT
INSERT INTO MEALS VALUES(100002,'2020-01-30 10:00:00.000000','\u0417\u0430\u0432\u0442\u0440\u0430\u043a',500,100000)
INSERT INTO MEALS VALUES(100003,'2020-01-30 13:00:00.000000','\u041e\u0431\u0435\u0434',1000,100000)
INSERT INTO MEALS VALUES(100004,'2020-01-30 20:00:00.000000','\u0423\u0436\u0438\u043d',500,100000)
INSERT INTO MEALS VALUES(100005,'2020-01-31 00:00:00.000000','\u0415\u0434\u0430 \u043d\u0430 \u0433\u0440\u0430\u043d\u0438\u0447\u043d\u043e\u0435 \u0437\u043d\u0430\u0447\u0435\u043d\u0438\u0435',100,100000)
INSERT INTO MEALS VALUES(100006,'2020-01-31 10:00:00.000000','\u0417\u0430\u0432\u0442\u0440\u0430\u043a',500,100000)
INSERT INTO MEALS VALUES(100007,'2020-01-31 13:00:00.000000','\u041e\u0431\u0435\u0434',1000,100000)
INSERT INTO MEALS VALUES(100008,'2020-01-31 20:00:00.000000','\u0423\u0436\u0438\u043d',510,100000)
INSERT INTO MEALS VALUES(100009,'2020-01-31 14:00:00.000000','\u0410\u0434\u043c\u0438\u043d \u043b\u0430\u043d\u0447',510,100001)
INSERT INTO MEALS VALUES(100010,'2020-01-31 21:00:00.000000','\u0410\u0434\u043c\u0438\u043d \u0443\u0436\u0438\u043d',1500,100001)
ALTER SEQUENCE PUBLIC.GLOBAL_SEQ RESTART WITH 100011
COMMIT
DISCONNECT
/*C165*/SET SCHEMA PUBLIC
DELETE FROM USER_ROLES WHERE USER_ID=100000 AND ROLE='USER'
DELETE FROM USER_ROLES WHERE USER_ID=100001 AND ROLE='ADMIN'
DELETE FROM USERS WHERE ID=100000
DELETE FROM USERS WHERE ID=100001
DELETE FROM MEALS WHERE ID=100002
DELETE FROM MEALS WHERE ID=100003
DELETE FROM MEALS WHERE ID=100004
DELETE FROM MEALS WHERE ID=100005
DELETE FROM MEALS WHERE ID=100006
DELETE FROM MEALS WHERE ID=100007
DELETE FROM MEALS WHERE ID=100008
DELETE FROM MEALS WHERE ID=100009
DELETE FROM MEALS WHERE ID=100010
COMMIT
ALTER SEQUENCE global_seq RESTART WITH 100000
INSERT INTO USERS VALUES(100000,'User','user@yandex.ru','password','2020-07-07 01:18:27.131000',TRUE,2000)
INSERT INTO USERS VALUES(100001,'Admin','admin@gmail.com','admin','2020-07-07 01:18:27.131000',TRUE,2000)
INSERT INTO USER_ROLES VALUES(100000,'USER')
INSERT INTO USER_ROLES VALUES(100001,'ADMIN')
INSERT INTO MEALS VALUES(100002,'2020-01-30 10:00:00.000000','\u0417\u0430\u0432\u0442\u0440\u0430\u043a',500,100000)
INSERT INTO MEALS VALUES(100003,'2020-01-30 13:00:00.000000','\u041e\u0431\u0435\u0434',1000,100000)
INSERT INTO MEALS VALUES(100004,'2020-01-30 20:00:00.000000','\u0423\u0436\u0438\u043d',500,100000)
INSERT INTO MEALS VALUES(100005,'2020-01-31 00:00:00.000000','\u0415\u0434\u0430 \u043d\u0430 \u0433\u0440\u0430\u043d\u0438\u0447\u043d\u043e\u0435 \u0437\u043d\u0430\u0447\u0435\u043d\u0438\u0435',100,100000)
INSERT INTO MEALS VALUES(100006,'2020-01-31 10:00:00.000000','\u0417\u0430\u0432\u0442\u0440\u0430\u043a',500,100000)
INSERT INTO MEALS VALUES(100007,'2020-01-31 13:00:00.000000','\u041e\u0431\u0435\u0434',1000,100000)
INSERT INTO MEALS VALUES(100008,'2020-01-31 20:00:00.000000','\u0423\u0436\u0438\u043d',510,100000)
INSERT INTO MEALS VALUES(100009,'2020-01-31 14:00:00.000000','\u0410\u0434\u043c\u0438\u043d \u043b\u0430\u043d\u0447',510,100001)
INSERT INTO MEALS VALUES(100010,'2020-01-31 21:00:00.000000','\u0410\u0434\u043c\u0438\u043d \u0443\u0436\u0438\u043d',1500,100001)
ALTER SEQUENCE PUBLIC.GLOBAL_SEQ RESTART WITH 100011
COMMIT
DISCONNECT
/*C166*/SET SCHEMA PUBLIC
INSERT INTO USERS VALUES(100011,'New','new@gmail.com','newPass','2020-07-07 01:18:27.132000',FALSE,1555)
INSERT INTO USER_ROLES VALUES(100011,'USER')
ALTER SEQUENCE PUBLIC.GLOBAL_SEQ RESTART WITH 100012
COMMIT
DISCONNECT
/*C167*/SET SCHEMA PUBLIC
DISCONNECT
/*C168*/SET SCHEMA PUBLIC
DELETE FROM USER_ROLES WHERE USER_ID=100000 AND ROLE='USER'
DELETE FROM USER_ROLES WHERE USER_ID=100001 AND ROLE='ADMIN'
DELETE FROM USER_ROLES WHERE USER_ID=100011 AND ROLE='USER'
DELETE FROM USERS WHERE ID=100000
DELETE FROM USERS WHERE ID=100001
DELETE FROM USERS WHERE ID=100011
DELETE FROM MEALS WHERE ID=100002
DELETE FROM MEALS WHERE ID=100003
DELETE FROM MEALS WHERE ID=100004
DELETE FROM MEALS WHERE ID=100005
DELETE FROM MEALS WHERE ID=100006
DELETE FROM MEALS WHERE ID=100007
DELETE FROM MEALS WHERE ID=100008
DELETE FROM MEALS WHERE ID=100009
DELETE FROM MEALS WHERE ID=100010
COMMIT
ALTER SEQUENCE global_seq RESTART WITH 100000
INSERT INTO USERS VALUES(100000,'User','user@yandex.ru','password','2020-07-07 01:18:27.166000',TRUE,2000)
INSERT INTO USERS VALUES(100001,'Admin','admin@gmail.com','admin','2020-07-07 01:18:27.166000',TRUE,2000)
INSERT INTO USER_ROLES VALUES(100000,'USER')
INSERT INTO USER_ROLES VALUES(100001,'ADMIN')
INSERT INTO MEALS VALUES(100002,'2020-01-30 10:00:00.000000','\u0417\u0430\u0432\u0442\u0440\u0430\u043a',500,100000)
INSERT INTO MEALS VALUES(100003,'2020-01-30 13:00:00.000000','\u041e\u0431\u0435\u0434',1000,100000)
INSERT INTO MEALS VALUES(100004,'2020-01-30 20:00:00.000000','\u0423\u0436\u0438\u043d',500,100000)
INSERT INTO MEALS VALUES(100005,'2020-01-31 00:00:00.000000','\u0415\u0434\u0430 \u043d\u0430 \u0433\u0440\u0430\u043d\u0438\u0447\u043d\u043e\u0435 \u0437\u043d\u0430\u0447\u0435\u043d\u0438\u0435',100,100000)
INSERT INTO MEALS VALUES(100006,'2020-01-31 10:00:00.000000','\u0417\u0430\u0432\u0442\u0440\u0430\u043a',500,100000)
INSERT INTO MEALS VALUES(100007,'2020-01-31 13:00:00.000000','\u041e\u0431\u0435\u0434',1000,100000)
INSERT INTO MEALS VALUES(100008,'2020-01-31 20:00:00.000000','\u0423\u0436\u0438\u043d',510,100000)
INSERT INTO MEALS VALUES(100009,'2020-01-31 14:00:00.000000','\u0410\u0434\u043c\u0438\u043d \u043b\u0430\u043d\u0447',510,100001)
INSERT INTO MEALS VALUES(100010,'2020-01-31 21:00:00.000000','\u0410\u0434\u043c\u0438\u043d \u0443\u0436\u0438\u043d',1500,100001)
ALTER SEQUENCE PUBLIC.GLOBAL_SEQ RESTART WITH 100011
COMMIT
DISCONNECT
/*C169*/SET SCHEMA PUBLIC
DELETE FROM USERS WHERE ID=100000
DELETE FROM USER_ROLES WHERE USER_ID=100000 AND ROLE='USER'
DELETE FROM MEALS WHERE ID=100002
DELETE FROM MEALS WHERE ID=100003
DELETE FROM MEALS WHERE ID=100004
DELETE FROM MEALS WHERE ID=100005
DELETE FROM MEALS WHERE ID=100006
DELETE FROM MEALS WHERE ID=100007
DELETE FROM MEALS WHERE ID=100008
COMMIT
DISCONNECT
/*C170*/SET SCHEMA PUBLIC
DISCONNECT
/*C171*/SET SCHEMA PUBLIC
DELETE FROM USER_ROLES WHERE USER_ID=100001 AND ROLE='ADMIN'
DELETE FROM USERS WHERE ID=100001
DELETE FROM MEALS WHERE ID=100009
DELETE FROM MEALS WHERE ID=100010
COMMIT
ALTER SEQUENCE global_seq RESTART WITH 100000
INSERT INTO USERS VALUES(100000,'User','user@yandex.ru','password','2020-07-07 01:18:27.175000',TRUE,2000)
INSERT INTO USERS VALUES(100001,'Admin','admin@gmail.com','admin','2020-07-07 01:18:27.175000',TRUE,2000)
INSERT INTO USER_ROLES VALUES(100000,'USER')
INSERT INTO USER_ROLES VALUES(100001,'ADMIN')
INSERT INTO MEALS VALUES(100002,'2020-01-30 10:00:00.000000','\u0417\u0430\u0432\u0442\u0440\u0430\u043a',500,100000)
INSERT INTO MEALS VALUES(100003,'2020-01-30 13:00:00.000000','\u041e\u0431\u0435\u0434',1000,100000)
INSERT INTO MEALS VALUES(100004,'2020-01-30 20:00:00.000000','\u0423\u0436\u0438\u043d',500,100000)
INSERT INTO MEALS VALUES(100005,'2020-01-31 00:00:00.000000','\u0415\u0434\u0430 \u043d\u0430 \u0433\u0440\u0430\u043d\u0438\u0447\u043d\u043e\u0435 \u0437\u043d\u0430\u0447\u0435\u043d\u0438\u0435',100,100000)
INSERT INTO MEALS VALUES(100006,'2020-01-31 10:00:00.000000','\u0417\u0430\u0432\u0442\u0440\u0430\u043a',500,100000)
INSERT INTO MEALS VALUES(100007,'2020-01-31 13:00:00.000000','\u041e\u0431\u0435\u0434',1000,100000)
INSERT INTO MEALS VALUES(100008,'2020-01-31 20:00:00.000000','\u0423\u0436\u0438\u043d',510,100000)
INSERT INTO MEALS VALUES(100009,'2020-01-31 14:00:00.000000','\u0410\u0434\u043c\u0438\u043d \u043b\u0430\u043d\u0447',510,100001)
INSERT INTO MEALS VALUES(100010,'2020-01-31 21:00:00.000000','\u0410\u0434\u043c\u0438\u043d \u0443\u0436\u0438\u043d',1500,100001)
ALTER SEQUENCE PUBLIC.GLOBAL_SEQ RESTART WITH 100011
COMMIT
DISCONNECT
/*C172*/SET SCHEMA PUBLIC
DISCONNECT
/*C173*/SET SCHEMA PUBLIC
DELETE FROM USER_ROLES WHERE USER_ID=100000 AND ROLE='USER'
DELETE FROM USER_ROLES WHERE USER_ID=100001 AND ROLE='ADMIN'
DELETE FROM USERS WHERE ID=100000
DELETE FROM USERS WHERE ID=100001
DELETE FROM MEALS WHERE ID=100002
DELETE FROM MEALS WHERE ID=100003
DELETE FROM MEALS WHERE ID=100004
DELETE FROM MEALS WHERE ID=100005
DELETE FROM MEALS WHERE ID=100006
DELETE FROM MEALS WHERE ID=100007
DELETE FROM MEALS WHERE ID=100008
DELETE FROM MEALS WHERE ID=100009
DELETE FROM MEALS WHERE ID=100010
COMMIT
ALTER SEQUENCE global_seq RESTART WITH 100000
INSERT INTO USERS VALUES(100000,'User','user@yandex.ru','password','2020-07-07 01:18:27.191000',TRUE,2000)
INSERT INTO USERS VALUES(100001,'Admin','admin@gmail.com','admin','2020-07-07 01:18:27.191000',TRUE,2000)
INSERT INTO USER_ROLES VALUES(100000,'USER')
INSERT INTO USER_ROLES VALUES(100001,'ADMIN')
INSERT INTO MEALS VALUES(100002,'2020-01-30 10:00:00.000000','\u0417\u0430\u0432\u0442\u0440\u0430\u043a',500,100000)
INSERT INTO MEALS VALUES(100003,'2020-01-30 13:00:00.000000','\u041e\u0431\u0435\u0434',1000,100000)
INSERT INTO MEALS VALUES(100004,'2020-01-30 20:00:00.000000','\u0423\u0436\u0438\u043d',500,100000)
INSERT INTO MEALS VALUES(100005,'2020-01-31 00:00:00.000000','\u0415\u0434\u0430 \u043d\u0430 \u0433\u0440\u0430\u043d\u0438\u0447\u043d\u043e\u0435 \u0437\u043d\u0430\u0447\u0435\u043d\u0438\u0435',100,100000)
INSERT INTO MEALS VALUES(100006,'2020-01-31 10:00:00.000000','\u0417\u0430\u0432\u0442\u0440\u0430\u043a',500,100000)
INSERT INTO MEALS VALUES(100007,'2020-01-31 13:00:00.000000','\u041e\u0431\u0435\u0434',1000,100000)
INSERT INTO MEALS VALUES(100008,'2020-01-31 20:00:00.000000','\u0423\u0436\u0438\u043d',510,100000)
INSERT INTO MEALS VALUES(100009,'2020-01-31 14:00:00.000000','\u0410\u0434\u043c\u0438\u043d \u043b\u0430\u043d\u0447',510,100001)
INSERT INTO MEALS VALUES(100010,'2020-01-31 21:00:00.000000','\u0410\u0434\u043c\u0438\u043d \u0443\u0436\u0438\u043d',1500,100001)
ALTER SEQUENCE PUBLIC.GLOBAL_SEQ RESTART WITH 100011
COMMIT
DISCONNECT
/*C174*/SET SCHEMA PUBLIC
DELETE FROM USERS WHERE ID=100000
INSERT INTO USERS VALUES(100000,'UpdatedName','user@yandex.ru','password','2020-07-07 01:18:23.685000',TRUE,330)
COMMIT
DISCONNECT
/*C175*/SET SCHEMA PUBLIC
DISCONNECT
/*C176*/SET SCHEMA PUBLIC
DELETE FROM USER_ROLES WHERE USER_ID=100000 AND ROLE='USER'
DELETE FROM USER_ROLES WHERE USER_ID=100001 AND ROLE='ADMIN'
DELETE FROM USERS WHERE ID=100000
DELETE FROM USERS WHERE ID=100001
DELETE FROM MEALS WHERE ID=100002
DELETE FROM MEALS WHERE ID=100003
DELETE FROM MEALS WHERE ID=100004
DELETE FROM MEALS WHERE ID=100005
DELETE FROM MEALS WHERE ID=100006
DELETE FROM MEALS WHERE ID=100007
DELETE FROM MEALS WHERE ID=100008
DELETE FROM MEALS WHERE ID=100009
DELETE FROM MEALS WHERE ID=100010
COMMIT
ALTER SEQUENCE global_seq RESTART WITH 100000
INSERT INTO USERS VALUES(100000,'User','user@yandex.ru','password','2020-07-07 01:18:27.205000',TRUE,2000)
INSERT INTO USERS VALUES(100001,'Admin','admin@gmail.com','admin','2020-07-07 01:18:27.205000',TRUE,2000)
INSERT INTO USER_ROLES VALUES(100000,'USER')
INSERT INTO USER_ROLES VALUES(100001,'ADMIN')
INSERT INTO MEALS VALUES(100002,'2020-01-30 10:00:00.000000','\u0417\u0430\u0432\u0442\u0440\u0430\u043a',500,100000)
INSERT INTO MEALS VALUES(100003,'2020-01-30 13:00:00.000000','\u041e\u0431\u0435\u0434',1000,100000)
INSERT INTO MEALS VALUES(100004,'2020-01-30 20:00:00.000000','\u0423\u0436\u0438\u043d',500,100000)
INSERT INTO MEALS VALUES(100005,'2020-01-31 00:00:00.000000','\u0415\u0434\u0430 \u043d\u0430 \u0433\u0440\u0430\u043d\u0438\u0447\u043d\u043e\u0435 \u0437\u043d\u0430\u0447\u0435\u043d\u0438\u0435',100,100000)
INSERT INTO MEALS VALUES(100006,'2020-01-31 10:00:00.000000','\u0417\u0430\u0432\u0442\u0440\u0430\u043a',500,100000)
INSERT INTO MEALS VALUES(100007,'2020-01-31 13:00:00.000000','\u041e\u0431\u0435\u0434',1000,100000)
INSERT INTO MEALS VALUES(100008,'2020-01-31 20:00:00.000000','\u0423\u0436\u0438\u043d',510,100000)
INSERT INTO MEALS VALUES(100009,'2020-01-31 14:00:00.000000','\u0410\u0434\u043c\u0438\u043d \u043b\u0430\u043d\u0447',510,100001)
INSERT INTO MEALS VALUES(100010,'2020-01-31 21:00:00.000000','\u0410\u0434\u043c\u0438\u043d \u0443\u0436\u0438\u043d',1500,100001)
ALTER SEQUENCE PUBLIC.GLOBAL_SEQ RESTART WITH 100011
COMMIT
DISCONNECT
/*C177*/SET SCHEMA PUBLIC
DISCONNECT
/*C178*/SET SCHEMA PUBLIC
DELETE FROM USER_ROLES WHERE USER_ID=100000 AND ROLE='USER'
DELETE FROM USER_ROLES WHERE USER_ID=100001 AND ROLE='ADMIN'
DELETE FROM USERS WHERE ID=100000
DELETE FROM USERS WHERE ID=100001
DELETE FROM MEALS WHERE ID=100002
DELETE FROM MEALS WHERE ID=100003
DELETE FROM MEALS WHERE ID=100004
DELETE FROM MEALS WHERE ID=100005
DELETE FROM MEALS WHERE ID=100006
DELETE FROM MEALS WHERE ID=100007
DELETE FROM MEALS WHERE ID=100008
DELETE FROM MEALS WHERE ID=100009
DELETE FROM MEALS WHERE ID=100010
COMMIT
ALTER SEQUENCE global_seq RESTART WITH 100000
INSERT INTO USERS VALUES(100000,'User','user@yandex.ru','password','2020-07-07 01:18:27.210000',TRUE,2000)
INSERT INTO USERS VALUES(100001,'Admin','admin@gmail.com','admin','2020-07-07 01:18:27.210000',TRUE,2000)
INSERT INTO USER_ROLES VALUES(100000,'USER')
INSERT INTO USER_ROLES VALUES(100001,'ADMIN')
INSERT INTO MEALS VALUES(100002,'2020-01-30 10:00:00.000000','\u0417\u0430\u0432\u0442\u0440\u0430\u043a',500,100000)
INSERT INTO MEALS VALUES(100003,'2020-01-30 13:00:00.000000','\u041e\u0431\u0435\u0434',1000,100000)
INSERT INTO MEALS VALUES(100004,'2020-01-30 20:00:00.000000','\u0423\u0436\u0438\u043d',500,100000)
INSERT INTO MEALS VALUES(100005,'2020-01-31 00:00:00.000000','\u0415\u0434\u0430 \u043d\u0430 \u0433\u0440\u0430\u043d\u0438\u0447\u043d\u043e\u0435 \u0437\u043d\u0430\u0447\u0435\u043d\u0438\u0435',100,100000)
INSERT INTO MEALS VALUES(100006,'2020-01-31 10:00:00.000000','\u0417\u0430\u0432\u0442\u0440\u0430\u043a',500,100000)
INSERT INTO MEALS VALUES(100007,'2020-01-31 13:00:00.000000','\u041e\u0431\u0435\u0434',1000,100000)
INSERT INTO MEALS VALUES(100008,'2020-01-31 20:00:00.000000','\u0423\u0436\u0438\u043d',510,100000)
INSERT INTO MEALS VALUES(100009,'2020-01-31 14:00:00.000000','\u0410\u0434\u043c\u0438\u043d \u043b\u0430\u043d\u0447',510,100001)
INSERT INTO MEALS VALUES(100010,'2020-01-31 21:00:00.000000','\u0410\u0434\u043c\u0438\u043d \u0443\u0436\u0438\u043d',1500,100001)
ALTER SEQUENCE PUBLIC.GLOBAL_SEQ RESTART WITH 100011
COMMIT
DISCONNECT
/*C179*/SET SCHEMA PUBLIC
DISCONNECT
/*C180*/SET SCHEMA PUBLIC
DELETE FROM USER_ROLES WHERE USER_ID=100000 AND ROLE='USER'
DELETE FROM USER_ROLES WHERE USER_ID=100001 AND ROLE='ADMIN'
DELETE FROM USERS WHERE ID=100000
DELETE FROM USERS WHERE ID=100001
DELETE FROM MEALS WHERE ID=100002
DELETE FROM MEALS WHERE ID=100003
DELETE FROM MEALS WHERE ID=100004
DELETE FROM MEALS WHERE ID=100005
DELETE FROM MEALS WHERE ID=100006
DELETE FROM MEALS WHERE ID=100007
DELETE FROM MEALS WHERE ID=100008
DELETE FROM MEALS WHERE ID=100009
DELETE FROM MEALS WHERE ID=100010
COMMIT
ALTER SEQUENCE global_seq RESTART WITH 100000
INSERT INTO USERS VALUES(100000,'User','user@yandex.ru','password','2020-07-07 01:18:27.216000',TRUE,2000)
INSERT INTO USERS VALUES(100001,'Admin','admin@gmail.com','admin','2020-07-07 01:18:27.216000',TRUE,2000)
INSERT INTO USER_ROLES VALUES(100000,'USER')
INSERT INTO USER_ROLES VALUES(100001,'ADMIN')
INSERT INTO MEALS VALUES(100002,'2020-01-30 10:00:00.000000','\u0417\u0430\u0432\u0442\u0440\u0430\u043a',500,100000)
INSERT INTO MEALS VALUES(100003,'2020-01-30 13:00:00.000000','\u041e\u0431\u0435\u0434',1000,100000)
INSERT INTO MEALS VALUES(100004,'2020-01-30 20:00:00.000000','\u0423\u0436\u0438\u043d',500,100000)
INSERT INTO MEALS VALUES(100005,'2020-01-31 00:00:00.000000','\u0415\u0434\u0430 \u043d\u0430 \u0433\u0440\u0430\u043d\u0438\u0447\u043d\u043e\u0435 \u0437\u043d\u0430\u0447\u0435\u043d\u0438\u0435',100,100000)
INSERT INTO MEALS VALUES(100006,'2020-01-31 10:00:00.000000','\u0417\u0430\u0432\u0442\u0440\u0430\u043a',500,100000)
INSERT INTO MEALS VALUES(100007,'2020-01-31 13:00:00.000000','\u041e\u0431\u0435\u0434',1000,100000)
INSERT INTO MEALS VALUES(100008,'2020-01-31 20:00:00.000000','\u0423\u0436\u0438\u043d',510,100000)
INSERT INTO MEALS VALUES(100009,'2020-01-31 14:00:00.000000','\u0410\u0434\u043c\u0438\u043d \u043b\u0430\u043d\u0447',510,100001)
INSERT INTO MEALS VALUES(100010,'2020-01-31 21:00:00.000000','\u0410\u0434\u043c\u0438\u043d \u0443\u0436\u0438\u043d',1500,100001)
ALTER SEQUENCE PUBLIC.GLOBAL_SEQ RESTART WITH 100011
COMMIT
DISCONNECT
/*C181*/SET SCHEMA PUBLIC
DISCONNECT
/*C182*/SET SCHEMA PUBLIC
DELETE FROM USER_ROLES WHERE USER_ID=100000 AND ROLE='USER'
DELETE FROM USER_ROLES WHERE USER_ID=100001 AND ROLE='ADMIN'
DELETE FROM USERS WHERE ID=100000
DELETE FROM USERS WHERE ID=100001
DELETE FROM MEALS WHERE ID=100002
DELETE FROM MEALS WHERE ID=100003
DELETE FROM MEALS WHERE ID=100004
DELETE FROM MEALS WHERE ID=100005
DELETE FROM MEALS WHERE ID=100006
DELETE FROM MEALS WHERE ID=100007
DELETE FROM MEALS WHERE ID=100008
DELETE FROM MEALS WHERE ID=100009
DELETE FROM MEALS WHERE ID=100010
COMMIT
ALTER SEQUENCE global_seq RESTART WITH 100000
INSERT INTO USERS VALUES(100000,'User','user@yandex.ru','password','2020-07-07 01:18:27.222000',TRUE,2000)
INSERT INTO USERS VALUES(100001,'Admin','admin@gmail.com','admin','2020-07-07 01:18:27.222000',TRUE,2000)
INSERT INTO USER_ROLES VALUES(100000,'USER')
INSERT INTO USER_ROLES VALUES(100001,'ADMIN')
INSERT INTO MEALS VALUES(100002,'2020-01-30 10:00:00.000000','\u0417\u0430\u0432\u0442\u0440\u0430\u043a',500,100000)
INSERT INTO MEALS VALUES(100003,'2020-01-30 13:00:00.000000','\u041e\u0431\u0435\u0434',1000,100000)
INSERT INTO MEALS VALUES(100004,'2020-01-30 20:00:00.000000','\u0423\u0436\u0438\u043d',500,100000)
INSERT INTO MEALS VALUES(100005,'2020-01-31 00:00:00.000000','\u0415\u0434\u0430 \u043d\u0430 \u0433\u0440\u0430\u043d\u0438\u0447\u043d\u043e\u0435 \u0437\u043d\u0430\u0447\u0435\u043d\u0438\u0435',100,100000)
INSERT INTO MEALS VALUES(100006,'2020-01-31 10:00:00.000000','\u0417\u0430\u0432\u0442\u0440\u0430\u043a',500,100000)
INSERT INTO MEALS VALUES(100007,'2020-01-31 13:00:00.000000','\u041e\u0431\u0435\u0434',1000,100000)
INSERT INTO MEALS VALUES(100008,'2020-01-31 20:00:00.000000','\u0423\u0436\u0438\u043d',510,100000)
INSERT INTO MEALS VALUES(100009,'2020-01-31 14:00:00.000000','\u0410\u0434\u043c\u0438\u043d \u043b\u0430\u043d\u0447',510,100001)
INSERT INTO MEALS VALUES(100010,'2020-01-31 21:00:00.000000','\u0410\u0434\u043c\u0438\u043d \u0443\u0436\u0438\u043d',1500,100001)
ALTER SEQUENCE PUBLIC.GLOBAL_SEQ RESTART WITH 100011
COMMIT
DISCONNECT
/*C183*/SET SCHEMA PUBLIC
DISCONNECT
/*C184*/SET SCHEMA PUBLIC
DELETE FROM USER_ROLES WHERE USER_ID=100000 AND ROLE='USER'
DELETE FROM USER_ROLES WHERE USER_ID=100001 AND ROLE='ADMIN'
DELETE FROM USERS WHERE ID=100000
DELETE FROM USERS WHERE ID=100001
DELETE FROM MEALS WHERE ID=100002
DELETE FROM MEALS WHERE ID=100003
DELETE FROM MEALS WHERE ID=100004
DELETE FROM MEALS WHERE ID=100005
DELETE FROM MEALS WHERE ID=100006
DELETE FROM MEALS WHERE ID=100007
DELETE FROM MEALS WHERE ID=100008
DELETE FROM MEALS WHERE ID=100009
DELETE FROM MEALS WHERE ID=100010
COMMIT
ALTER SEQUENCE global_seq RESTART WITH 100000
INSERT INTO USERS VALUES(100000,'User','user@yandex.ru','password','2020-07-07 01:18:27.228000',TRUE,2000)
INSERT INTO USERS VALUES(100001,'Admin','admin@gmail.com','admin','2020-07-07 01:18:27.228000',TRUE,2000)
INSERT INTO USER_ROLES VALUES(100000,'USER')
INSERT INTO USER_ROLES VALUES(100001,'ADMIN')
INSERT INTO MEALS VALUES(100002,'2020-01-30 10:00:00.000000','\u0417\u0430\u0432\u0442\u0440\u0430\u043a',500,100000)
INSERT INTO MEALS VALUES(100003,'2020-01-30 13:00:00.000000','\u041e\u0431\u0435\u0434',1000,100000)
INSERT INTO MEALS VALUES(100004,'2020-01-30 20:00:00.000000','\u0423\u0436\u0438\u043d',500,100000)
INSERT INTO MEALS VALUES(100005,'2020-01-31 00:00:00.000000','\u0415\u0434\u0430 \u043d\u0430 \u0433\u0440\u0430\u043d\u0438\u0447\u043d\u043e\u0435 \u0437\u043d\u0430\u0447\u0435\u043d\u0438\u0435',100,100000)
INSERT INTO MEALS VALUES(100006,'2020-01-31 10:00:00.000000','\u0417\u0430\u0432\u0442\u0440\u0430\u043a',500,100000)
INSERT INTO MEALS VALUES(100007,'2020-01-31 13:00:00.000000','\u041e\u0431\u0435\u0434',1000,100000)
INSERT INTO MEALS VALUES(100008,'2020-01-31 20:00:00.000000','\u0423\u0436\u0438\u043d',510,100000)
INSERT INTO MEALS VALUES(100009,'2020-01-31 14:00:00.000000','\u0410\u0434\u043c\u0438\u043d \u043b\u0430\u043d\u0447',510,100001)
INSERT INTO MEALS VALUES(100010,'2020-01-31 21:00:00.000000','\u0410\u0434\u043c\u0438\u043d \u0443\u0436\u0438\u043d',1500,100001)
ALTER SEQUENCE PUBLIC.GLOBAL_SEQ RESTART WITH 100011
COMMIT
DISCONNECT
/*C185*/SET SCHEMA PUBLIC
ALTER SEQUENCE PUBLIC.GLOBAL_SEQ RESTART WITH 100012
DISCONNECT
/*C186*/SET SCHEMA PUBLIC
DELETE FROM USER_ROLES WHERE USER_ID=100000 AND ROLE='USER'
DELETE FROM USER_ROLES WHERE USER_ID=100001 AND ROLE='ADMIN'
DELETE FROM USERS WHERE ID=100000
DELETE FROM USERS WHERE ID=100001
DELETE FROM MEALS WHERE ID=100002
DELETE FROM MEALS WHERE ID=100003
DELETE FROM MEALS WHERE ID=100004
DELETE FROM MEALS WHERE ID=100005
DELETE FROM MEALS WHERE ID=100006
DELETE FROM MEALS WHERE ID=100007
DELETE FROM MEALS WHERE ID=100008
DELETE FROM MEALS WHERE ID=100009
DELETE FROM MEALS WHERE ID=100010
COMMIT
ALTER SEQUENCE global_seq RESTART WITH 100000
INSERT INTO USERS VALUES(100000,'User','user@yandex.ru','password','2020-07-07 01:18:27.241000',TRUE,2000)
INSERT INTO USERS VALUES(100001,'Admin','admin@gmail.com','admin','2020-07-07 01:18:27.241000',TRUE,2000)
INSERT INTO USER_ROLES VALUES(100000,'USER')
INSERT INTO USER_ROLES VALUES(100001,'ADMIN')
INSERT INTO MEALS VALUES(100002,'2020-01-30 10:00:00.000000','\u0417\u0430\u0432\u0442\u0440\u0430\u043a',500,100000)
INSERT INTO MEALS VALUES(100003,'2020-01-30 13:00:00.000000','\u041e\u0431\u0435\u0434',1000,100000)
INSERT INTO MEALS VALUES(100004,'2020-01-30 20:00:00.000000','\u0423\u0436\u0438\u043d',500,100000)
INSERT INTO MEALS VALUES(100005,'2020-01-31 00:00:00.000000','\u0415\u0434\u0430 \u043d\u0430 \u0433\u0440\u0430\u043d\u0438\u0447\u043d\u043e\u0435 \u0437\u043d\u0430\u0447\u0435\u043d\u0438\u0435',100,100000)
INSERT INTO MEALS VALUES(100006,'2020-01-31 10:00:00.000000','\u0417\u0430\u0432\u0442\u0440\u0430\u043a',500,100000)
INSERT INTO MEALS VALUES(100007,'2020-01-31 13:00:00.000000','\u041e\u0431\u0435\u0434',1000,100000)
INSERT INTO MEALS VALUES(100008,'2020-01-31 20:00:00.000000','\u0423\u0436\u0438\u043d',510,100000)
INSERT INTO MEALS VALUES(100009,'2020-01-31 14:00:00.000000','\u0410\u0434\u043c\u0438\u043d \u043b\u0430\u043d\u0447',510,100001)
INSERT INTO MEALS VALUES(100010,'2020-01-31 21:00:00.000000','\u0410\u0434\u043c\u0438\u043d \u0443\u0436\u0438\u043d',1500,100001)
ALTER SEQUENCE PUBLIC.GLOBAL_SEQ RESTART WITH 100011
COMMIT
DISCONNECT
/*C187*/SET SCHEMA PUBLIC
INSERT INTO USERS VALUES(100011,'New','new@gmail.com','newPass','2020-07-07 01:18:27.242000',FALSE,1555)
INSERT INTO USER_ROLES VALUES(100011,'USER')
ALTER SEQUENCE PUBLIC.GLOBAL_SEQ RESTART WITH 100012
COMMIT
DISCONNECT
/*C188*/SET SCHEMA PUBLIC
DISCONNECT
/*C189*/SET SCHEMA PUBLIC
DELETE FROM USER_ROLES WHERE USER_ID=100000 AND ROLE='USER'
DELETE FROM USER_ROLES WHERE USER_ID=100001 AND ROLE='ADMIN'
DELETE FROM USER_ROLES WHERE USER_ID=100011 AND ROLE='USER'
DELETE FROM USERS WHERE ID=100000
DELETE FROM USERS WHERE ID=100001
DELETE FROM USERS WHERE ID=100011
DELETE FROM MEALS WHERE ID=100002
DELETE FROM MEALS WHERE ID=100003
DELETE FROM MEALS WHERE ID=100004
DELETE FROM MEALS WHERE ID=100005
DELETE FROM MEALS WHERE ID=100006
DELETE FROM MEALS WHERE ID=100007
DELETE FROM MEALS WHERE ID=100008
DELETE FROM MEALS WHERE ID=100009
DELETE FROM MEALS WHERE ID=100010
COMMIT
ALTER SEQUENCE global_seq RESTART WITH 100000
INSERT INTO USERS VALUES(100000,'User','user@yandex.ru','password','2020-07-07 01:18:27.258000',TRUE,2000)
INSERT INTO USERS VALUES(100001,'Admin','admin@gmail.com','admin','2020-07-07 01:18:27.258000',TRUE,2000)
INSERT INTO USER_ROLES VALUES(100000,'USER')
INSERT INTO USER_ROLES VALUES(100001,'ADMIN')
INSERT INTO MEALS VALUES(100002,'2020-01-30 10:00:00.000000','\u0417\u0430\u0432\u0442\u0440\u0430\u043a',500,100000)
INSERT INTO MEALS VALUES(100003,'2020-01-30 13:00:00.000000','\u041e\u0431\u0435\u0434',1000,100000)
INSERT INTO MEALS VALUES(100004,'2020-01-30 20:00:00.000000','\u0423\u0436\u0438\u043d',500,100000)
INSERT INTO MEALS VALUES(100005,'2020-01-31 00:00:00.000000','\u0415\u0434\u0430 \u043d\u0430 \u0433\u0440\u0430\u043d\u0438\u0447\u043d\u043e\u0435 \u0437\u043d\u0430\u0447\u0435\u043d\u0438\u0435',100,100000)
INSERT INTO MEALS VALUES(100006,'2020-01-31 10:00:00.000000','\u0417\u0430\u0432\u0442\u0440\u0430\u043a',500,100000)
INSERT INTO MEALS VALUES(100007,'2020-01-31 13:00:00.000000','\u041e\u0431\u0435\u0434',1000,100000)
INSERT INTO MEALS VALUES(100008,'2020-01-31 20:00:00.000000','\u0423\u0436\u0438\u043d',510,100000)
INSERT INTO MEALS VALUES(100009,'2020-01-31 14:00:00.000000','\u0410\u0434\u043c\u0438\u043d \u043b\u0430\u043d\u0447',510,100001)
INSERT INTO MEALS VALUES(100010,'2020-01-31 21:00:00.000000','\u0410\u0434\u043c\u0438\u043d \u0443\u0436\u0438\u043d',1500,100001)
ALTER SEQUENCE PUBLIC.GLOBAL_SEQ RESTART WITH 100011
COMMIT
DISCONNECT
/*C190*/SET SCHEMA PUBLIC
DELETE FROM USERS WHERE ID=100000
DELETE FROM USER_ROLES WHERE USER_ID=100000 AND ROLE='USER'
DELETE FROM MEALS WHERE ID=100002
DELETE FROM MEALS WHERE ID=100003
DELETE FROM MEALS WHERE ID=100004
DELETE FROM MEALS WHERE ID=100005
DELETE FROM MEALS WHERE ID=100006
DELETE FROM MEALS WHERE ID=100007
DELETE FROM MEALS WHERE ID=100008
COMMIT
DISCONNECT
/*C191*/SET SCHEMA PUBLIC
DISCONNECT
/*C192*/SET SCHEMA PUBLIC
DELETE FROM USER_ROLES WHERE USER_ID=100001 AND ROLE='ADMIN'
DELETE FROM USERS WHERE ID=100001
DELETE FROM MEALS WHERE ID=100009
DELETE FROM MEALS WHERE ID=100010
COMMIT
ALTER SEQUENCE global_seq RESTART WITH 100000
INSERT INTO USERS VALUES(100000,'User','user@yandex.ru','password','2020-07-07 01:18:27.266000',TRUE,2000)
INSERT INTO USERS VALUES(100001,'Admin','admin@gmail.com','admin','2020-07-07 01:18:27.266000',TRUE,2000)
INSERT INTO USER_ROLES VALUES(100000,'USER')
INSERT INTO USER_ROLES VALUES(100001,'ADMIN')
INSERT INTO MEALS VALUES(100002,'2020-01-30 10:00:00.000000','\u0417\u0430\u0432\u0442\u0440\u0430\u043a',500,100000)
INSERT INTO MEALS VALUES(100003,'2020-01-30 13:00:00.000000','\u041e\u0431\u0435\u0434',1000,100000)
INSERT INTO MEALS VALUES(100004,'2020-01-30 20:00:00.000000','\u0423\u0436\u0438\u043d',500,100000)
INSERT INTO MEALS VALUES(100005,'2020-01-31 00:00:00.000000','\u0415\u0434\u0430 \u043d\u0430 \u0433\u0440\u0430\u043d\u0438\u0447\u043d\u043e\u0435 \u0437\u043d\u0430\u0447\u0435\u043d\u0438\u0435',100,100000)
INSERT INTO MEALS VALUES(100006,'2020-01-31 10:00:00.000000','\u0417\u0430\u0432\u0442\u0440\u0430\u043a',500,100000)
INSERT INTO MEALS VALUES(100007,'2020-01-31 13:00:00.000000','\u041e\u0431\u0435\u0434',1000,100000)
INSERT INTO MEALS VALUES(100008,'2020-01-31 20:00:00.000000','\u0423\u0436\u0438\u043d',510,100000)
INSERT INTO MEALS VALUES(100009,'2020-01-31 14:00:00.000000','\u0410\u0434\u043c\u0438\u043d \u043b\u0430\u043d\u0447',510,100001)
INSERT INTO MEALS VALUES(100010,'2020-01-31 21:00:00.000000','\u0410\u0434\u043c\u0438\u043d \u0443\u0436\u0438\u043d',1500,100001)
ALTER SEQUENCE PUBLIC.GLOBAL_SEQ RESTART WITH 100011
COMMIT
DISCONNECT
/*C193*/SET SCHEMA PUBLIC
DISCONNECT
/*C194*/SET SCHEMA PUBLIC
DELETE FROM USER_ROLES WHERE USER_ID=100000 AND ROLE='USER'
DELETE FROM USER_ROLES WHERE USER_ID=100001 AND ROLE='ADMIN'
DELETE FROM USERS WHERE ID=100000
DELETE FROM USERS WHERE ID=100001
DELETE FROM MEALS WHERE ID=100002
DELETE FROM MEALS WHERE ID=100003
DELETE FROM MEALS WHERE ID=100004
DELETE FROM MEALS WHERE ID=100005
DELETE FROM MEALS WHERE ID=100006
DELETE FROM MEALS WHERE ID=100007
DELETE FROM MEALS WHERE ID=100008
DELETE FROM MEALS WHERE ID=100009
DELETE FROM MEALS WHERE ID=100010
COMMIT
ALTER SEQUENCE global_seq RESTART WITH 100000
INSERT INTO USERS VALUES(100000,'User','user@yandex.ru','password','2020-07-07 01:18:27.276000',TRUE,2000)
INSERT INTO USERS VALUES(100001,'Admin','admin@gmail.com','admin','2020-07-07 01:18:27.276000',TRUE,2000)
INSERT INTO USER_ROLES VALUES(100000,'USER')
INSERT INTO USER_ROLES VALUES(100001,'ADMIN')
INSERT INTO MEALS VALUES(100002,'2020-01-30 10:00:00.000000','\u0417\u0430\u0432\u0442\u0440\u0430\u043a',500,100000)
INSERT INTO MEALS VALUES(100003,'2020-01-30 13:00:00.000000','\u041e\u0431\u0435\u0434',1000,100000)
INSERT INTO MEALS VALUES(100004,'2020-01-30 20:00:00.000000','\u0423\u0436\u0438\u043d',500,100000)
INSERT INTO MEALS VALUES(100005,'2020-01-31 00:00:00.000000','\u0415\u0434\u0430 \u043d\u0430 \u0433\u0440\u0430\u043d\u0438\u0447\u043d\u043e\u0435 \u0437\u043d\u0430\u0447\u0435\u043d\u0438\u0435',100,100000)
INSERT INTO MEALS VALUES(100006,'2020-01-31 10:00:00.000000','\u0417\u0430\u0432\u0442\u0440\u0430\u043a',500,100000)
INSERT INTO MEALS VALUES(100007,'2020-01-31 13:00:00.000000','\u041e\u0431\u0435\u0434',1000,100000)
INSERT INTO MEALS VALUES(100008,'2020-01-31 20:00:00.000000','\u0423\u0436\u0438\u043d',510,100000)
INSERT INTO MEALS VALUES(100009,'2020-01-31 14:00:00.000000','\u0410\u0434\u043c\u0438\u043d \u043b\u0430\u043d\u0447',510,100001)
INSERT INTO MEALS VALUES(100010,'2020-01-31 21:00:00.000000','\u0410\u0434\u043c\u0438\u043d \u0443\u0436\u0438\u043d',1500,100001)
ALTER SEQUENCE PUBLIC.GLOBAL_SEQ RESTART WITH 100011
COMMIT
DISCONNECT
/*C195*/SET SCHEMA PUBLIC
DELETE FROM USERS WHERE ID=100000
INSERT INTO USERS VALUES(100000,'UpdatedName','user@yandex.ru','password','2020-07-07 01:18:23.685000',TRUE,330)
COMMIT
DISCONNECT
/*C196*/SET SCHEMA PUBLIC
DISCONNECT
/*C197*/SET SCHEMA PUBLIC
DELETE FROM USER_ROLES WHERE USER_ID=100000 AND ROLE='USER'
DELETE FROM USER_ROLES WHERE USER_ID=100001 AND ROLE='ADMIN'
DELETE FROM USERS WHERE ID=100000
DELETE FROM USERS WHERE ID=100001
DELETE FROM MEALS WHERE ID=100002
DELETE FROM MEALS WHERE ID=100003
DELETE FROM MEALS WHERE ID=100004
DELETE FROM MEALS WHERE ID=100005
DELETE FROM MEALS WHERE ID=100006
DELETE FROM MEALS WHERE ID=100007
DELETE FROM MEALS WHERE ID=100008
DELETE FROM MEALS WHERE ID=100009
DELETE FROM MEALS WHERE ID=100010
COMMIT
ALTER SEQUENCE global_seq RESTART WITH 100000
INSERT INTO USERS VALUES(100000,'User','user@yandex.ru','password','2020-07-07 01:18:27.286000',TRUE,2000)
INSERT INTO USERS VALUES(100001,'Admin','admin@gmail.com','admin','2020-07-07 01:18:27.286000',TRUE,2000)
INSERT INTO USER_ROLES VALUES(100000,'USER')
INSERT INTO USER_ROLES VALUES(100001,'ADMIN')
INSERT INTO MEALS VALUES(100002,'2020-01-30 10:00:00.000000','\u0417\u0430\u0432\u0442\u0440\u0430\u043a',500,100000)
INSERT INTO MEALS VALUES(100003,'2020-01-30 13:00:00.000000','\u041e\u0431\u0435\u0434',1000,100000)
INSERT INTO MEALS VALUES(100004,'2020-01-30 20:00:00.000000','\u0423\u0436\u0438\u043d',500,100000)
INSERT INTO MEALS VALUES(100005,'2020-01-31 00:00:00.000000','\u0415\u0434\u0430 \u043d\u0430 \u0433\u0440\u0430\u043d\u0438\u0447\u043d\u043e\u0435 \u0437\u043d\u0430\u0447\u0435\u043d\u0438\u0435',100,100000)
INSERT INTO MEALS VALUES(100006,'2020-01-31 10:00:00.000000','\u0417\u0430\u0432\u0442\u0440\u0430\u043a',500,100000)
INSERT INTO MEALS VALUES(100007,'2020-01-31 13:00:00.000000','\u041e\u0431\u0435\u0434',1000,100000)
INSERT INTO MEALS VALUES(100008,'2020-01-31 20:00:00.000000','\u0423\u0436\u0438\u043d',510,100000)
INSERT INTO MEALS VALUES(100009,'2020-01-31 14:00:00.000000','\u0410\u0434\u043c\u0438\u043d \u043b\u0430\u043d\u0447',510,100001)
INSERT INTO MEALS VALUES(100010,'2020-01-31 21:00:00.000000','\u0410\u0434\u043c\u0438\u043d \u0443\u0436\u0438\u043d',1500,100001)
ALTER SEQUENCE PUBLIC.GLOBAL_SEQ RESTART WITH 100011
COMMIT
DISCONNECT
/*C198*/SET SCHEMA PUBLIC
DISCONNECT
/*C199*/SET SCHEMA PUBLIC
DELETE FROM USER_ROLES WHERE USER_ID=100000 AND ROLE='USER'
DELETE FROM USER_ROLES WHERE USER_ID=100001 AND ROLE='ADMIN'
DELETE FROM USERS WHERE ID=100000
DELETE FROM USERS WHERE ID=100001
DELETE FROM MEALS WHERE ID=100002
DELETE FROM MEALS WHERE ID=100003
DELETE FROM MEALS WHERE ID=100004
DELETE FROM MEALS WHERE ID=100005
DELETE FROM MEALS WHERE ID=100006
DELETE FROM MEALS WHERE ID=100007
DELETE FROM MEALS WHERE ID=100008
DELETE FROM MEALS WHERE ID=100009
DELETE FROM MEALS WHERE ID=100010
COMMIT
ALTER SEQUENCE global_seq RESTART WITH 100000
INSERT INTO USERS VALUES(100000,'User','user@yandex.ru','password','2020-07-07 01:18:27.290000',TRUE,2000)
INSERT INTO USERS VALUES(100001,'Admin','admin@gmail.com','admin','2020-07-07 01:18:27.290000',TRUE,2000)
INSERT INTO USER_ROLES VALUES(100000,'USER')
INSERT INTO USER_ROLES VALUES(100001,'ADMIN')
INSERT INTO MEALS VALUES(100002,'2020-01-30 10:00:00.000000','\u0417\u0430\u0432\u0442\u0440\u0430\u043a',500,100000)
INSERT INTO MEALS VALUES(100003,'2020-01-30 13:00:00.000000','\u041e\u0431\u0435\u0434',1000,100000)
INSERT INTO MEALS VALUES(100004,'2020-01-30 20:00:00.000000','\u0423\u0436\u0438\u043d',500,100000)
INSERT INTO MEALS VALUES(100005,'2020-01-31 00:00:00.000000','\u0415\u0434\u0430 \u043d\u0430 \u0433\u0440\u0430\u043d\u0438\u0447\u043d\u043e\u0435 \u0437\u043d\u0430\u0447\u0435\u043d\u0438\u0435',100,100000)
INSERT INTO MEALS VALUES(100006,'2020-01-31 10:00:00.000000','\u0417\u0430\u0432\u0442\u0440\u0430\u043a',500,100000)
INSERT INTO MEALS VALUES(100007,'2020-01-31 13:00:00.000000','\u041e\u0431\u0435\u0434',1000,100000)
INSERT INTO MEALS VALUES(100008,'2020-01-31 20:00:00.000000','\u0423\u0436\u0438\u043d',510,100000)
INSERT INTO MEALS VALUES(100009,'2020-01-31 14:00:00.000000','\u0410\u0434\u043c\u0438\u043d \u043b\u0430\u043d\u0447',510,100001)
INSERT INTO MEALS VALUES(100010,'2020-01-31 21:00:00.000000','\u0410\u0434\u043c\u0438\u043d \u0443\u0436\u0438\u043d',1500,100001)
ALTER SEQUENCE PUBLIC.GLOBAL_SEQ RESTART WITH 100011
COMMIT
DISCONNECT
/*C200*/SET SCHEMA PUBLIC
DISCONNECT
/*C201*/SET SCHEMA PUBLIC
DELETE FROM USER_ROLES WHERE USER_ID=100000 AND ROLE='USER'
DELETE FROM USER_ROLES WHERE USER_ID=100001 AND ROLE='ADMIN'
DELETE FROM USERS WHERE ID=100000
DELETE FROM USERS WHERE ID=100001
DELETE FROM MEALS WHERE ID=100002
DELETE FROM MEALS WHERE ID=100003
DELETE FROM MEALS WHERE ID=100004
DELETE FROM MEALS WHERE ID=100005
DELETE FROM MEALS WHERE ID=100006
DELETE FROM MEALS WHERE ID=100007
DELETE FROM MEALS WHERE ID=100008
DELETE FROM MEALS WHERE ID=100009
DELETE FROM MEALS WHERE ID=100010
COMMIT
ALTER SEQUENCE global_seq RESTART WITH 100000
INSERT INTO USERS VALUES(100000,'User','user@yandex.ru','password','2020-07-07 01:18:27.296000',TRUE,2000)
INSERT INTO USERS VALUES(100001,'Admin','admin@gmail.com','admin','2020-07-07 01:18:27.296000',TRUE,2000)
INSERT INTO USER_ROLES VALUES(100000,'USER')
INSERT INTO USER_ROLES VALUES(100001,'ADMIN')
INSERT INTO MEALS VALUES(100002,'2020-01-30 10:00:00.000000','\u0417\u0430\u0432\u0442\u0440\u0430\u043a',500,100000)
INSERT INTO MEALS VALUES(100003,'2020-01-30 13:00:00.000000','\u041e\u0431\u0435\u0434',1000,100000)
INSERT INTO MEALS VALUES(100004,'2020-01-30 20:00:00.000000','\u0423\u0436\u0438\u043d',500,100000)
INSERT INTO MEALS VALUES(100005,'2020-01-31 00:00:00.000000','\u0415\u0434\u0430 \u043d\u0430 \u0433\u0440\u0430\u043d\u0438\u0447\u043d\u043e\u0435 \u0437\u043d\u0430\u0447\u0435\u043d\u0438\u0435',100,100000)
INSERT INTO MEALS VALUES(100006,'2020-01-31 10:00:00.000000','\u0417\u0430\u0432\u0442\u0440\u0430\u043a',500,100000)
INSERT INTO MEALS VALUES(100007,'2020-01-31 13:00:00.000000','\u041e\u0431\u0435\u0434',1000,100000)
INSERT INTO MEALS VALUES(100008,'2020-01-31 20:00:00.000000','\u0423\u0436\u0438\u043d',510,100000)
INSERT INTO MEALS VALUES(100009,'2020-01-31 14:00:00.000000','\u0410\u0434\u043c\u0438\u043d \u043b\u0430\u043d\u0447',510,100001)
INSERT INTO MEALS VALUES(100010,'2020-01-31 21:00:00.000000','\u0410\u0434\u043c\u0438\u043d \u0443\u0436\u0438\u043d',1500,100001)
ALTER SEQUENCE PUBLIC.GLOBAL_SEQ RESTART WITH 100011
COMMIT
DISCONNECT
/*C202*/SET SCHEMA PUBLIC
DISCONNECT
/*C203*/SET SCHEMA PUBLIC
DELETE FROM USER_ROLES WHERE USER_ID=100000 AND ROLE='USER'
DELETE FROM USER_ROLES WHERE USER_ID=100001 AND ROLE='ADMIN'
DELETE FROM USERS WHERE ID=100000
DELETE FROM USERS WHERE ID=100001
DELETE FROM MEALS WHERE ID=100002
DELETE FROM MEALS WHERE ID=100003
DELETE FROM MEALS WHERE ID=100004
DELETE FROM MEALS WHERE ID=100005
DELETE FROM MEALS WHERE ID=100006
DELETE FROM MEALS WHERE ID=100007
DELETE FROM MEALS WHERE ID=100008
DELETE FROM MEALS WHERE ID=100009
DELETE FROM MEALS WHERE ID=100010
COMMIT
ALTER SEQUENCE global_seq RESTART WITH 100000
INSERT INTO USERS VALUES(100000,'User','user@yandex.ru','password','2020-07-07 01:18:27.301000',TRUE,2000)
INSERT INTO USERS VALUES(100001,'Admin','admin@gmail.com','admin','2020-07-07 01:18:27.301000',TRUE,2000)
INSERT INTO USER_ROLES VALUES(100000,'USER')
INSERT INTO USER_ROLES VALUES(100001,'ADMIN')
INSERT INTO MEALS VALUES(100002,'2020-01-30 10:00:00.000000','\u0417\u0430\u0432\u0442\u0440\u0430\u043a',500,100000)
INSERT INTO MEALS VALUES(100003,'2020-01-30 13:00:00.000000','\u041e\u0431\u0435\u0434',1000,100000)
INSERT INTO MEALS VALUES(100004,'2020-01-30 20:00:00.000000','\u0423\u0436\u0438\u043d',500,100000)
INSERT INTO MEALS VALUES(100005,'2020-01-31 00:00:00.000000','\u0415\u0434\u0430 \u043d\u0430 \u0433\u0440\u0430\u043d\u0438\u0447\u043d\u043e\u0435 \u0437\u043d\u0430\u0447\u0435\u043d\u0438\u0435',100,100000)
INSERT INTO MEALS VALUES(100006,'2020-01-31 10:00:00.000000','\u0417\u0430\u0432\u0442\u0440\u0430\u043a',500,100000)
INSERT INTO MEALS VALUES(100007,'2020-01-31 13:00:00.000000','\u041e\u0431\u0435\u0434',1000,100000)
INSERT INTO MEALS VALUES(100008,'2020-01-31 20:00:00.000000','\u0423\u0436\u0438\u043d',510,100000)
INSERT INTO MEALS VALUES(100009,'2020-01-31 14:00:00.000000','\u0410\u0434\u043c\u0438\u043d \u043b\u0430\u043d\u0447',510,100001)
INSERT INTO MEALS VALUES(100010,'2020-01-31 21:00:00.000000','\u0410\u0434\u043c\u0438\u043d \u0443\u0436\u0438\u043d',1500,100001)
ALTER SEQUENCE PUBLIC.GLOBAL_SEQ RESTART WITH 100011
COMMIT
DISCONNECT
/*C204*/SET SCHEMA PUBLIC
DISCONNECT
/*C205*/SET SCHEMA PUBLIC
DELETE FROM USER_ROLES WHERE USER_ID=100000 AND ROLE='USER'
DELETE FROM USER_ROLES WHERE USER_ID=100001 AND ROLE='ADMIN'
DELETE FROM USERS WHERE ID=100000
DELETE FROM USERS WHERE ID=100001
DELETE FROM MEALS WHERE ID=100002
DELETE FROM MEALS WHERE ID=100003
DELETE FROM MEALS WHERE ID=100004
DELETE FROM MEALS WHERE ID=100005
DELETE FROM MEALS WHERE ID=100006
DELETE FROM MEALS WHERE ID=100007
DELETE FROM MEALS WHERE ID=100008
DELETE FROM MEALS WHERE ID=100009
DELETE FROM MEALS WHERE ID=100010
COMMIT
ALTER SEQUENCE global_seq RESTART WITH 100000
INSERT INTO USERS VALUES(100000,'User','user@yandex.ru','password','2020-07-07 01:18:27.308000',TRUE,2000)
INSERT INTO USERS VALUES(100001,'Admin','admin@gmail.com','admin','2020-07-07 01:18:27.308000',TRUE,2000)
INSERT INTO USER_ROLES VALUES(100000,'USER')
INSERT INTO USER_ROLES VALUES(100001,'ADMIN')
INSERT INTO MEALS VALUES(100002,'2020-01-30 10:00:00.000000','\u0417\u0430\u0432\u0442\u0440\u0430\u043a',500,100000)
INSERT INTO MEALS VALUES(100003,'2020-01-30 13:00:00.000000','\u041e\u0431\u0435\u0434',1000,100000)
INSERT INTO MEALS VALUES(100004,'2020-01-30 20:00:00.000000','\u0423\u0436\u0438\u043d',500,100000)
INSERT INTO MEALS VALUES(100005,'2020-01-31 00:00:00.000000','\u0415\u0434\u0430 \u043d\u0430 \u0433\u0440\u0430\u043d\u0438\u0447\u043d\u043e\u0435 \u0437\u043d\u0430\u0447\u0435\u043d\u0438\u0435',100,100000)
INSERT INTO MEALS VALUES(100006,'2020-01-31 10:00:00.000000','\u0417\u0430\u0432\u0442\u0440\u0430\u043a',500,100000)
INSERT INTO MEALS VALUES(100007,'2020-01-31 13:00:00.000000','\u041e\u0431\u0435\u0434',1000,100000)
INSERT INTO MEALS VALUES(100008,'2020-01-31 20:00:00.000000','\u0423\u0436\u0438\u043d',510,100000)
INSERT INTO MEALS VALUES(100009,'2020-01-31 14:00:00.000000','\u0410\u0434\u043c\u0438\u043d \u043b\u0430\u043d\u0447',510,100001)
INSERT INTO MEALS VALUES(100010,'2020-01-31 21:00:00.000000','\u0410\u0434\u043c\u0438\u043d \u0443\u0436\u0438\u043d',1500,100001)
ALTER SEQUENCE PUBLIC.GLOBAL_SEQ RESTART WITH 100011
COMMIT
DISCONNECT
/*C206*/SET SCHEMA PUBLIC
ALTER SEQUENCE PUBLIC.GLOBAL_SEQ RESTART WITH 100012
DISCONNECT
/*C207*/SET SCHEMA PUBLIC
DELETE FROM USER_ROLES WHERE USER_ID=100000 AND ROLE='USER'
DELETE FROM USER_ROLES WHERE USER_ID=100001 AND ROLE='ADMIN'
DELETE FROM USERS WHERE ID=100000
DELETE FROM USERS WHERE ID=100001
DELETE FROM MEALS WHERE ID=100002
DELETE FROM MEALS WHERE ID=100003
DELETE FROM MEALS WHERE ID=100004
DELETE FROM MEALS WHERE ID=100005
DELETE FROM MEALS WHERE ID=100006
DELETE FROM MEALS WHERE ID=100007
DELETE FROM MEALS WHERE ID=100008
DELETE FROM MEALS WHERE ID=100009
DELETE FROM MEALS WHERE ID=100010
COMMIT
ALTER SEQUENCE global_seq RESTART WITH 100000
INSERT INTO USERS VALUES(100000,'User','user@yandex.ru','password','2020-07-07 01:18:27.317000',TRUE,2000)
INSERT INTO USERS VALUES(100001,'Admin','admin@gmail.com','admin','2020-07-07 01:18:27.317000',TRUE,2000)
INSERT INTO USER_ROLES VALUES(100000,'USER')
INSERT INTO USER_ROLES VALUES(100001,'ADMIN')
INSERT INTO MEALS VALUES(100002,'2020-01-30 10:00:00.000000','\u0417\u0430\u0432\u0442\u0440\u0430\u043a',500,100000)
INSERT INTO MEALS VALUES(100003,'2020-01-30 13:00:00.000000','\u041e\u0431\u0435\u0434',1000,100000)
INSERT INTO MEALS VALUES(100004,'2020-01-30 20:00:00.000000','\u0423\u0436\u0438\u043d',500,100000)
INSERT INTO MEALS VALUES(100005,'2020-01-31 00:00:00.000000','\u0415\u0434\u0430 \u043d\u0430 \u0433\u0440\u0430\u043d\u0438\u0447\u043d\u043e\u0435 \u0437\u043d\u0430\u0447\u0435\u043d\u0438\u0435',100,100000)
INSERT INTO MEALS VALUES(100006,'2020-01-31 10:00:00.000000','\u0417\u0430\u0432\u0442\u0440\u0430\u043a',500,100000)
INSERT INTO MEALS VALUES(100007,'2020-01-31 13:00:00.000000','\u041e\u0431\u0435\u0434',1000,100000)
INSERT INTO MEALS VALUES(100008,'2020-01-31 20:00:00.000000','\u0423\u0436\u0438\u043d',510,100000)
INSERT INTO MEALS VALUES(100009,'2020-01-31 14:00:00.000000','\u0410\u0434\u043c\u0438\u043d \u043b\u0430\u043d\u0447',510,100001)
INSERT INTO MEALS VALUES(100010,'2020-01-31 21:00:00.000000','\u0410\u0434\u043c\u0438\u043d \u0443\u0436\u0438\u043d',1500,100001)
ALTER SEQUENCE PUBLIC.GLOBAL_SEQ RESTART WITH 100011
COMMIT
DISCONNECT
/*C208*/SET SCHEMA PUBLIC
DISCONNECT
/*C209*/SET SCHEMA PUBLIC
DELETE FROM USER_ROLES WHERE USER_ID=100000 AND ROLE='USER'
DELETE FROM USER_ROLES WHERE USER_ID=100001 AND ROLE='ADMIN'
DELETE FROM USERS WHERE ID=100000
DELETE FROM USERS WHERE ID=100001
DELETE FROM MEALS WHERE ID=100002
DELETE FROM MEALS WHERE ID=100003
DELETE FROM MEALS WHERE ID=100004
DELETE FROM MEALS WHERE ID=100005
DELETE FROM MEALS WHERE ID=100006
DELETE FROM MEALS WHERE ID=100007
DELETE FROM MEALS WHERE ID=100008
DELETE FROM MEALS WHERE ID=100009
DELETE FROM MEALS WHERE ID=100010
COMMIT
ALTER SEQUENCE global_seq RESTART WITH 100000
INSERT INTO USERS VALUES(100000,'User','user@yandex.ru','password','2020-07-07 01:18:27.323000',TRUE,2000)
INSERT INTO USERS VALUES(100001,'Admin','admin@gmail.com','admin','2020-07-07 01:18:27.323000',TRUE,2000)
INSERT INTO USER_ROLES VALUES(100000,'USER')
INSERT INTO USER_ROLES VALUES(100001,'ADMIN')
INSERT INTO MEALS VALUES(100002,'2020-01-30 10:00:00.000000','\u0417\u0430\u0432\u0442\u0440\u0430\u043a',500,100000)
INSERT INTO MEALS VALUES(100003,'2020-01-30 13:00:00.000000','\u041e\u0431\u0435\u0434',1000,100000)
INSERT INTO MEALS VALUES(100004,'2020-01-30 20:00:00.000000','\u0423\u0436\u0438\u043d',500,100000)
INSERT INTO MEALS VALUES(100005,'2020-01-31 00:00:00.000000','\u0415\u0434\u0430 \u043d\u0430 \u0433\u0440\u0430\u043d\u0438\u0447\u043d\u043e\u0435 \u0437\u043d\u0430\u0447\u0435\u043d\u0438\u0435',100,100000)
INSERT INTO MEALS VALUES(100006,'2020-01-31 10:00:00.000000','\u0417\u0430\u0432\u0442\u0440\u0430\u043a',500,100000)
INSERT INTO MEALS VALUES(100007,'2020-01-31 13:00:00.000000','\u041e\u0431\u0435\u0434',1000,100000)
INSERT INTO MEALS VALUES(100008,'2020-01-31 20:00:00.000000','\u0423\u0436\u0438\u043d',510,100000)
INSERT INTO MEALS VALUES(100009,'2020-01-31 14:00:00.000000','\u0410\u0434\u043c\u0438\u043d \u043b\u0430\u043d\u0447',510,100001)
INSERT INTO MEALS VALUES(100010,'2020-01-31 21:00:00.000000','\u0410\u0434\u043c\u0438\u043d \u0443\u0436\u0438\u043d',1500,100001)
ALTER SEQUENCE PUBLIC.GLOBAL_SEQ RESTART WITH 100011
COMMIT
DISCONNECT
/*C210*/SET SCHEMA PUBLIC
INSERT INTO MEALS VALUES(100011,'2020-02-01 18:00:00.000000','\u0421\u043e\u0437\u0434\u0430\u043d\u043d\u044b\u0439 \u0443\u0436\u0438\u043d',300,100000)
ALTER SEQUENCE PUBLIC.GLOBAL_SEQ RESTART WITH 100012
COMMIT
DISCONNECT
/*C211*/SET SCHEMA PUBLIC
DISCONNECT
/*C212*/SET SCHEMA PUBLIC
DELETE FROM USER_ROLES WHERE USER_ID=100000 AND ROLE='USER'
DELETE FROM USER_ROLES WHERE USER_ID=100001 AND ROLE='ADMIN'
DELETE FROM USERS WHERE ID=100000
DELETE FROM USERS WHERE ID=100001
DELETE FROM MEALS WHERE ID=100002
DELETE FROM MEALS WHERE ID=100003
DELETE FROM MEALS WHERE ID=100004
DELETE FROM MEALS WHERE ID=100005
DELETE FROM MEALS WHERE ID=100006
DELETE FROM MEALS WHERE ID=100007
DELETE FROM MEALS WHERE ID=100008
DELETE FROM MEALS WHERE ID=100011
DELETE FROM MEALS WHERE ID=100009
DELETE FROM MEALS WHERE ID=100010
COMMIT
ALTER SEQUENCE global_seq RESTART WITH 100000
INSERT INTO USERS VALUES(100000,'User','user@yandex.ru','password','2020-07-07 01:18:27.331000',TRUE,2000)
INSERT INTO USERS VALUES(100001,'Admin','admin@gmail.com','admin','2020-07-07 01:18:27.331000',TRUE,2000)
INSERT INTO USER_ROLES VALUES(100000,'USER')
INSERT INTO USER_ROLES VALUES(100001,'ADMIN')
INSERT INTO MEALS VALUES(100002,'2020-01-30 10:00:00.000000','\u0417\u0430\u0432\u0442\u0440\u0430\u043a',500,100000)
INSERT INTO MEALS VALUES(100003,'2020-01-30 13:00:00.000000','\u041e\u0431\u0435\u0434',1000,100000)
INSERT INTO MEALS VALUES(100004,'2020-01-30 20:00:00.000000','\u0423\u0436\u0438\u043d',500,100000)
INSERT INTO MEALS VALUES(100005,'2020-01-31 00:00:00.000000','\u0415\u0434\u0430 \u043d\u0430 \u0433\u0440\u0430\u043d\u0438\u0447\u043d\u043e\u0435 \u0437\u043d\u0430\u0447\u0435\u043d\u0438\u0435',100,100000)
INSERT INTO MEALS VALUES(100006,'2020-01-31 10:00:00.000000','\u0417\u0430\u0432\u0442\u0440\u0430\u043a',500,100000)
INSERT INTO MEALS VALUES(100007,'2020-01-31 13:00:00.000000','\u041e\u0431\u0435\u0434',1000,100000)
INSERT INTO MEALS VALUES(100008,'2020-01-31 20:00:00.000000','\u0423\u0436\u0438\u043d',510,100000)
INSERT INTO MEALS VALUES(100009,'2020-01-31 14:00:00.000000','\u0410\u0434\u043c\u0438\u043d \u043b\u0430\u043d\u0447',510,100001)
INSERT INTO MEALS VALUES(100010,'2020-01-31 21:00:00.000000','\u0410\u0434\u043c\u0438\u043d \u0443\u0436\u0438\u043d',1500,100001)
ALTER SEQUENCE PUBLIC.GLOBAL_SEQ RESTART WITH 100011
COMMIT
DISCONNECT
/*C213*/SET SCHEMA PUBLIC
DELETE FROM MEALS WHERE ID=100002
COMMIT
DISCONNECT
/*C214*/SET SCHEMA PUBLIC
DISCONNECT
/*C215*/SET SCHEMA PUBLIC
DELETE FROM USER_ROLES WHERE USER_ID=100000 AND ROLE='USER'
DELETE FROM USER_ROLES WHERE USER_ID=100001 AND ROLE='ADMIN'
DELETE FROM USERS WHERE ID=100000
DELETE FROM USERS WHERE ID=100001
DELETE FROM MEALS WHERE ID=100003
DELETE FROM MEALS WHERE ID=100004
DELETE FROM MEALS WHERE ID=100005
DELETE FROM MEALS WHERE ID=100006
DELETE FROM MEALS WHERE ID=100007
DELETE FROM MEALS WHERE ID=100008
DELETE FROM MEALS WHERE ID=100009
DELETE FROM MEALS WHERE ID=100010
COMMIT
ALTER SEQUENCE global_seq RESTART WITH 100000
INSERT INTO USERS VALUES(100000,'User','user@yandex.ru','password','2020-07-07 01:18:27.336000',TRUE,2000)
INSERT INTO USERS VALUES(100001,'Admin','admin@gmail.com','admin','2020-07-07 01:18:27.336000',TRUE,2000)
INSERT INTO USER_ROLES VALUES(100000,'USER')
INSERT INTO USER_ROLES VALUES(100001,'ADMIN')
INSERT INTO MEALS VALUES(100002,'2020-01-30 10:00:00.000000','\u0417\u0430\u0432\u0442\u0440\u0430\u043a',500,100000)
INSERT INTO MEALS VALUES(100003,'2020-01-30 13:00:00.000000','\u041e\u0431\u0435\u0434',1000,100000)
INSERT INTO MEALS VALUES(100004,'2020-01-30 20:00:00.000000','\u0423\u0436\u0438\u043d',500,100000)
INSERT INTO MEALS VALUES(100005,'2020-01-31 00:00:00.000000','\u0415\u0434\u0430 \u043d\u0430 \u0433\u0440\u0430\u043d\u0438\u0447\u043d\u043e\u0435 \u0437\u043d\u0430\u0447\u0435\u043d\u0438\u0435',100,100000)
INSERT INTO MEALS VALUES(100006,'2020-01-31 10:00:00.000000','\u0417\u0430\u0432\u0442\u0440\u0430\u043a',500,100000)
INSERT INTO MEALS VALUES(100007,'2020-01-31 13:00:00.000000','\u041e\u0431\u0435\u0434',1000,100000)
INSERT INTO MEALS VALUES(100008,'2020-01-31 20:00:00.000000','\u0423\u0436\u0438\u043d',510,100000)
INSERT INTO MEALS VALUES(100009,'2020-01-31 14:00:00.000000','\u0410\u0434\u043c\u0438\u043d \u043b\u0430\u043d\u0447',510,100001)
INSERT INTO MEALS VALUES(100010,'2020-01-31 21:00:00.000000','\u0410\u0434\u043c\u0438\u043d \u0443\u0436\u0438\u043d',1500,100001)
ALTER SEQUENCE PUBLIC.GLOBAL_SEQ RESTART WITH 100011
COMMIT
DISCONNECT
/*C216*/SET SCHEMA PUBLIC
DISCONNECT
/*C217*/SET SCHEMA PUBLIC
DELETE FROM USER_ROLES WHERE USER_ID=100000 AND ROLE='USER'
DELETE FROM USER_ROLES WHERE USER_ID=100001 AND ROLE='ADMIN'
DELETE FROM USERS WHERE ID=100000
DELETE FROM USERS WHERE ID=100001
DELETE FROM MEALS WHERE ID=100002
DELETE FROM MEALS WHERE ID=100003
DELETE FROM MEALS WHERE ID=100004
DELETE FROM MEALS WHERE ID=100005
DELETE FROM MEALS WHERE ID=100006
DELETE FROM MEALS WHERE ID=100007
DELETE FROM MEALS WHERE ID=100008
DELETE FROM MEALS WHERE ID=100009
DELETE FROM MEALS WHERE ID=100010
COMMIT
ALTER SEQUENCE global_seq RESTART WITH 100000
INSERT INTO USERS VALUES(100000,'User','user@yandex.ru','password','2020-07-07 01:18:27.342000',TRUE,2000)
INSERT INTO USERS VALUES(100001,'Admin','admin@gmail.com','admin','2020-07-07 01:18:27.342000',TRUE,2000)
INSERT INTO USER_ROLES VALUES(100000,'USER')
INSERT INTO USER_ROLES VALUES(100001,'ADMIN')
INSERT INTO MEALS VALUES(100002,'2020-01-30 10:00:00.000000','\u0417\u0430\u0432\u0442\u0440\u0430\u043a',500,100000)
INSERT INTO MEALS VALUES(100003,'2020-01-30 13:00:00.000000','\u041e\u0431\u0435\u0434',1000,100000)
INSERT INTO MEALS VALUES(100004,'2020-01-30 20:00:00.000000','\u0423\u0436\u0438\u043d',500,100000)
INSERT INTO MEALS VALUES(100005,'2020-01-31 00:00:00.000000','\u0415\u0434\u0430 \u043d\u0430 \u0433\u0440\u0430\u043d\u0438\u0447\u043d\u043e\u0435 \u0437\u043d\u0430\u0447\u0435\u043d\u0438\u0435',100,100000)
INSERT INTO MEALS VALUES(100006,'2020-01-31 10:00:00.000000','\u0417\u0430\u0432\u0442\u0440\u0430\u043a',500,100000)
INSERT INTO MEALS VALUES(100007,'2020-01-31 13:00:00.000000','\u041e\u0431\u0435\u0434',1000,100000)
INSERT INTO MEALS VALUES(100008,'2020-01-31 20:00:00.000000','\u0423\u0436\u0438\u043d',510,100000)
INSERT INTO MEALS VALUES(100009,'2020-01-31 14:00:00.000000','\u0410\u0434\u043c\u0438\u043d \u043b\u0430\u043d\u0447',510,100001)
INSERT INTO MEALS VALUES(100010,'2020-01-31 21:00:00.000000','\u0410\u0434\u043c\u0438\u043d \u0443\u0436\u0438\u043d',1500,100001)
ALTER SEQUENCE PUBLIC.GLOBAL_SEQ RESTART WITH 100011
COMMIT
DISCONNECT
/*C218*/SET SCHEMA PUBLIC
DISCONNECT
/*C219*/SET SCHEMA PUBLIC
DELETE FROM USER_ROLES WHERE USER_ID=100000 AND ROLE='USER'
DELETE FROM USER_ROLES WHERE USER_ID=100001 AND ROLE='ADMIN'
DELETE FROM USERS WHERE ID=100000
DELETE FROM USERS WHERE ID=100001
DELETE FROM MEALS WHERE ID=100002
DELETE FROM MEALS WHERE ID=100003
DELETE FROM MEALS WHERE ID=100004
DELETE FROM MEALS WHERE ID=100005
DELETE FROM MEALS WHERE ID=100006
DELETE FROM MEALS WHERE ID=100007
DELETE FROM MEALS WHERE ID=100008
DELETE FROM MEALS WHERE ID=100009
DELETE FROM MEALS WHERE ID=100010
COMMIT
ALTER SEQUENCE global_seq RESTART WITH 100000
INSERT INTO USERS VALUES(100000,'User','user@yandex.ru','password','2020-07-07 01:18:27.347000',TRUE,2000)
INSERT INTO USERS VALUES(100001,'Admin','admin@gmail.com','admin','2020-07-07 01:18:27.347000',TRUE,2000)
INSERT INTO USER_ROLES VALUES(100000,'USER')
INSERT INTO USER_ROLES VALUES(100001,'ADMIN')
INSERT INTO MEALS VALUES(100002,'2020-01-30 10:00:00.000000','\u0417\u0430\u0432\u0442\u0440\u0430\u043a',500,100000)
INSERT INTO MEALS VALUES(100003,'2020-01-30 13:00:00.000000','\u041e\u0431\u0435\u0434',1000,100000)
INSERT INTO MEALS VALUES(100004,'2020-01-30 20:00:00.000000','\u0423\u0436\u0438\u043d',500,100000)
INSERT INTO MEALS VALUES(100005,'2020-01-31 00:00:00.000000','\u0415\u0434\u0430 \u043d\u0430 \u0433\u0440\u0430\u043d\u0438\u0447\u043d\u043e\u0435 \u0437\u043d\u0430\u0447\u0435\u043d\u0438\u0435',100,100000)
INSERT INTO MEALS VALUES(100006,'2020-01-31 10:00:00.000000','\u0417\u0430\u0432\u0442\u0440\u0430\u043a',500,100000)
INSERT INTO MEALS VALUES(100007,'2020-01-31 13:00:00.000000','\u041e\u0431\u0435\u0434',1000,100000)
INSERT INTO MEALS VALUES(100008,'2020-01-31 20:00:00.000000','\u0423\u0436\u0438\u043d',510,100000)
INSERT INTO MEALS VALUES(100009,'2020-01-31 14:00:00.000000','\u0410\u0434\u043c\u0438\u043d \u043b\u0430\u043d\u0447',510,100001)
INSERT INTO MEALS VALUES(100010,'2020-01-31 21:00:00.000000','\u0410\u0434\u043c\u0438\u043d \u0443\u0436\u0438\u043d',1500,100001)
ALTER SEQUENCE PUBLIC.GLOBAL_SEQ RESTART WITH 100011
COMMIT
DISCONNECT
/*C220*/SET SCHEMA PUBLIC
DISCONNECT
/*C221*/SET SCHEMA PUBLIC
DELETE FROM USER_ROLES WHERE USER_ID=100000 AND ROLE='USER'
DELETE FROM USER_ROLES WHERE USER_ID=100001 AND ROLE='ADMIN'
DELETE FROM USERS WHERE ID=100000
DELETE FROM USERS WHERE ID=100001
DELETE FROM MEALS WHERE ID=100002
DELETE FROM MEALS WHERE ID=100003
DELETE FROM MEALS WHERE ID=100004
DELETE FROM MEALS WHERE ID=100005
DELETE FROM MEALS WHERE ID=100006
DELETE FROM MEALS WHERE ID=100007
DELETE FROM MEALS WHERE ID=100008
DELETE FROM MEALS WHERE ID=100009
DELETE FROM MEALS WHERE ID=100010
COMMIT
ALTER SEQUENCE global_seq RESTART WITH 100000
INSERT INTO USERS VALUES(100000,'User','user@yandex.ru','password','2020-07-07 01:18:27.351000',TRUE,2000)
INSERT INTO USERS VALUES(100001,'Admin','admin@gmail.com','admin','2020-07-07 01:18:27.351000',TRUE,2000)
INSERT INTO USER_ROLES VALUES(100000,'USER')
INSERT INTO USER_ROLES VALUES(100001,'ADMIN')
INSERT INTO MEALS VALUES(100002,'2020-01-30 10:00:00.000000','\u0417\u0430\u0432\u0442\u0440\u0430\u043a',500,100000)
INSERT INTO MEALS VALUES(100003,'2020-01-30 13:00:00.000000','\u041e\u0431\u0435\u0434',1000,100000)
INSERT INTO MEALS VALUES(100004,'2020-01-30 20:00:00.000000','\u0423\u0436\u0438\u043d',500,100000)
INSERT INTO MEALS VALUES(100005,'2020-01-31 00:00:00.000000','\u0415\u0434\u0430 \u043d\u0430 \u0433\u0440\u0430\u043d\u0438\u0447\u043d\u043e\u0435 \u0437\u043d\u0430\u0447\u0435\u043d\u0438\u0435',100,100000)
INSERT INTO MEALS VALUES(100006,'2020-01-31 10:00:00.000000','\u0417\u0430\u0432\u0442\u0440\u0430\u043a',500,100000)
INSERT INTO MEALS VALUES(100007,'2020-01-31 13:00:00.000000','\u041e\u0431\u0435\u0434',1000,100000)
INSERT INTO MEALS VALUES(100008,'2020-01-31 20:00:00.000000','\u0423\u0436\u0438\u043d',510,100000)
INSERT INTO MEALS VALUES(100009,'2020-01-31 14:00:00.000000','\u0410\u0434\u043c\u0438\u043d \u043b\u0430\u043d\u0447',510,100001)
INSERT INTO MEALS VALUES(100010,'2020-01-31 21:00:00.000000','\u0410\u0434\u043c\u0438\u043d \u0443\u0436\u0438\u043d',1500,100001)
ALTER SEQUENCE PUBLIC.GLOBAL_SEQ RESTART WITH 100011
COMMIT
DISCONNECT
/*C222*/SET SCHEMA PUBLIC
DELETE FROM MEALS WHERE ID=100002
INSERT INTO MEALS VALUES(100002,'2020-01-30 10:00:00.000000','\u041e\u0431\u043d\u043e\u0432\u043b\u0435\u043d\u043d\u044b\u0439 \u0437\u0430\u0432\u0442\u0440\u0430\u043a',200,100000)
COMMIT
DISCONNECT
/*C223*/SET SCHEMA PUBLIC
DISCONNECT
/*C224*/SET SCHEMA PUBLIC
DELETE FROM USER_ROLES WHERE USER_ID=100000 AND ROLE='USER'
DELETE FROM USER_ROLES WHERE USER_ID=100001 AND ROLE='ADMIN'
DELETE FROM USERS WHERE ID=100000
DELETE FROM USERS WHERE ID=100001
DELETE FROM MEALS WHERE ID=100003
DELETE FROM MEALS WHERE ID=100004
DELETE FROM MEALS WHERE ID=100005
DELETE FROM MEALS WHERE ID=100006
DELETE FROM MEALS WHERE ID=100007
DELETE FROM MEALS WHERE ID=100008
DELETE FROM MEALS WHERE ID=100002
DELETE FROM MEALS WHERE ID=100009
DELETE FROM MEALS WHERE ID=100010
COMMIT
ALTER SEQUENCE global_seq RESTART WITH 100000
INSERT INTO USERS VALUES(100000,'User','user@yandex.ru','password','2020-07-07 01:18:27.359000',TRUE,2000)
INSERT INTO USERS VALUES(100001,'Admin','admin@gmail.com','admin','2020-07-07 01:18:27.359000',TRUE,2000)
INSERT INTO USER_ROLES VALUES(100000,'USER')
INSERT INTO USER_ROLES VALUES(100001,'ADMIN')
INSERT INTO MEALS VALUES(100002,'2020-01-30 10:00:00.000000','\u0417\u0430\u0432\u0442\u0440\u0430\u043a',500,100000)
INSERT INTO MEALS VALUES(100003,'2020-01-30 13:00:00.000000','\u041e\u0431\u0435\u0434',1000,100000)
INSERT INTO MEALS VALUES(100004,'2020-01-30 20:00:00.000000','\u0423\u0436\u0438\u043d',500,100000)
INSERT INTO MEALS VALUES(100005,'2020-01-31 00:00:00.000000','\u0415\u0434\u0430 \u043d\u0430 \u0433\u0440\u0430\u043d\u0438\u0447\u043d\u043e\u0435 \u0437\u043d\u0430\u0447\u0435\u043d\u0438\u0435',100,100000)
INSERT INTO MEALS VALUES(100006,'2020-01-31 10:00:00.000000','\u0417\u0430\u0432\u0442\u0440\u0430\u043a',500,100000)
INSERT INTO MEALS VALUES(100007,'2020-01-31 13:00:00.000000','\u041e\u0431\u0435\u0434',1000,100000)
INSERT INTO MEALS VALUES(100008,'2020-01-31 20:00:00.000000','\u0423\u0436\u0438\u043d',510,100000)
INSERT INTO MEALS VALUES(100009,'2020-01-31 14:00:00.000000','\u0410\u0434\u043c\u0438\u043d \u043b\u0430\u043d\u0447',510,100001)
INSERT INTO MEALS VALUES(100010,'2020-01-31 21:00:00.000000','\u0410\u0434\u043c\u0438\u043d \u0443\u0436\u0438\u043d',1500,100001)
ALTER SEQUENCE PUBLIC.GLOBAL_SEQ RESTART WITH 100011
COMMIT
DISCONNECT
/*C225*/SET SCHEMA PUBLIC
DISCONNECT
/*C226*/SET SCHEMA PUBLIC
DELETE FROM USER_ROLES WHERE USER_ID=100000 AND ROLE='USER'
DELETE FROM USER_ROLES WHERE USER_ID=100001 AND ROLE='ADMIN'
DELETE FROM USERS WHERE ID=100000
DELETE FROM USERS WHERE ID=100001
DELETE FROM MEALS WHERE ID=100002
DELETE FROM MEALS WHERE ID=100003
DELETE FROM MEALS WHERE ID=100004
DELETE FROM MEALS WHERE ID=100005
DELETE FROM MEALS WHERE ID=100006
DELETE FROM MEALS WHERE ID=100007
DELETE FROM MEALS WHERE ID=100008
DELETE FROM MEALS WHERE ID=100009
DELETE FROM MEALS WHERE ID=100010
COMMIT
ALTER SEQUENCE global_seq RESTART WITH 100000
INSERT INTO USERS VALUES(100000,'User','user@yandex.ru','password','2020-07-07 01:18:27.363000',TRUE,2000)
INSERT INTO USERS VALUES(100001,'Admin','admin@gmail.com','admin','2020-07-07 01:18:27.363000',TRUE,2000)
INSERT INTO USER_ROLES VALUES(100000,'USER')
INSERT INTO USER_ROLES VALUES(100001,'ADMIN')
INSERT INTO MEALS VALUES(100002,'2020-01-30 10:00:00.000000','\u0417\u0430\u0432\u0442\u0440\u0430\u043a',500,100000)
INSERT INTO MEALS VALUES(100003,'2020-01-30 13:00:00.000000','\u041e\u0431\u0435\u0434',1000,100000)
INSERT INTO MEALS VALUES(100004,'2020-01-30 20:00:00.000000','\u0423\u0436\u0438\u043d',500,100000)
INSERT INTO MEALS VALUES(100005,'2020-01-31 00:00:00.000000','\u0415\u0434\u0430 \u043d\u0430 \u0433\u0440\u0430\u043d\u0438\u0447\u043d\u043e\u0435 \u0437\u043d\u0430\u0447\u0435\u043d\u0438\u0435',100,100000)
INSERT INTO MEALS VALUES(100006,'2020-01-31 10:00:00.000000','\u0417\u0430\u0432\u0442\u0440\u0430\u043a',500,100000)
INSERT INTO MEALS VALUES(100007,'2020-01-31 13:00:00.000000','\u041e\u0431\u0435\u0434',1000,100000)
INSERT INTO MEALS VALUES(100008,'2020-01-31 20:00:00.000000','\u0423\u0436\u0438\u043d',510,100000)
INSERT INTO MEALS VALUES(100009,'2020-01-31 14:00:00.000000','\u0410\u0434\u043c\u0438\u043d \u043b\u0430\u043d\u0447',510,100001)
INSERT INTO MEALS VALUES(100010,'2020-01-31 21:00:00.000000','\u0410\u0434\u043c\u0438\u043d \u0443\u0436\u0438\u043d',1500,100001)
ALTER SEQUENCE PUBLIC.GLOBAL_SEQ RESTART WITH 100011
COMMIT
DISCONNECT
/*C227*/SET SCHEMA PUBLIC
DISCONNECT
/*C228*/SET SCHEMA PUBLIC
DELETE FROM USER_ROLES WHERE USER_ID=100000 AND ROLE='USER'
DELETE FROM USER_ROLES WHERE USER_ID=100001 AND ROLE='ADMIN'
DELETE FROM USERS WHERE ID=100000
DELETE FROM USERS WHERE ID=100001
DELETE FROM MEALS WHERE ID=100002
DELETE FROM MEALS WHERE ID=100003
DELETE FROM MEALS WHERE ID=100004
DELETE FROM MEALS WHERE ID=100005
DELETE FROM MEALS WHERE ID=100006
DELETE FROM MEALS WHERE ID=100007
DELETE FROM MEALS WHERE ID=100008
DELETE FROM MEALS WHERE ID=100009
DELETE FROM MEALS WHERE ID=100010
COMMIT
ALTER SEQUENCE global_seq RESTART WITH 100000
INSERT INTO USERS VALUES(100000,'User','user@yandex.ru','password','2020-07-07 01:18:27.368000',TRUE,2000)
INSERT INTO USERS VALUES(100001,'Admin','admin@gmail.com','admin','2020-07-07 01:18:27.368000',TRUE,2000)
INSERT INTO USER_ROLES VALUES(100000,'USER')
INSERT INTO USER_ROLES VALUES(100001,'ADMIN')
INSERT INTO MEALS VALUES(100002,'2020-01-30 10:00:00.000000','\u0417\u0430\u0432\u0442\u0440\u0430\u043a',500,100000)
INSERT INTO MEALS VALUES(100003,'2020-01-30 13:00:00.000000','\u041e\u0431\u0435\u0434',1000,100000)
INSERT INTO MEALS VALUES(100004,'2020-01-30 20:00:00.000000','\u0423\u0436\u0438\u043d',500,100000)
INSERT INTO MEALS VALUES(100005,'2020-01-31 00:00:00.000000','\u0415\u0434\u0430 \u043d\u0430 \u0433\u0440\u0430\u043d\u0438\u0447\u043d\u043e\u0435 \u0437\u043d\u0430\u0447\u0435\u043d\u0438\u0435',100,100000)
INSERT INTO MEALS VALUES(100006,'2020-01-31 10:00:00.000000','\u0417\u0430\u0432\u0442\u0440\u0430\u043a',500,100000)
INSERT INTO MEALS VALUES(100007,'2020-01-31 13:00:00.000000','\u041e\u0431\u0435\u0434',1000,100000)
INSERT INTO MEALS VALUES(100008,'2020-01-31 20:00:00.000000','\u0423\u0436\u0438\u043d',510,100000)
INSERT INTO MEALS VALUES(100009,'2020-01-31 14:00:00.000000','\u0410\u0434\u043c\u0438\u043d \u043b\u0430\u043d\u0447',510,100001)
INSERT INTO MEALS VALUES(100010,'2020-01-31 21:00:00.000000','\u0410\u0434\u043c\u0438\u043d \u0443\u0436\u0438\u043d',1500,100001)
ALTER SEQUENCE PUBLIC.GLOBAL_SEQ RESTART WITH 100011
COMMIT
DISCONNECT
/*C229*/SET SCHEMA PUBLIC
DISCONNECT
/*C230*/SET SCHEMA PUBLIC
DELETE FROM USER_ROLES WHERE USER_ID=100000 AND ROLE='USER'
DELETE FROM USER_ROLES WHERE USER_ID=100001 AND ROLE='ADMIN'
DELETE FROM USERS WHERE ID=100000
DELETE FROM USERS WHERE ID=100001
DELETE FROM MEALS WHERE ID=100002
DELETE FROM MEALS WHERE ID=100003
DELETE FROM MEALS WHERE ID=100004
DELETE FROM MEALS WHERE ID=100005
DELETE FROM MEALS WHERE ID=100006
DELETE FROM MEALS WHERE ID=100007
DELETE FROM MEALS WHERE ID=100008
DELETE FROM MEALS WHERE ID=100009
DELETE FROM MEALS WHERE ID=100010
COMMIT
ALTER SEQUENCE global_seq RESTART WITH 100000
INSERT INTO USERS VALUES(100000,'User','user@yandex.ru','password','2020-07-07 01:18:27.374000',TRUE,2000)
INSERT INTO USERS VALUES(100001,'Admin','admin@gmail.com','admin','2020-07-07 01:18:27.374000',TRUE,2000)
INSERT INTO USER_ROLES VALUES(100000,'USER')
INSERT INTO USER_ROLES VALUES(100001,'ADMIN')
INSERT INTO MEALS VALUES(100002,'2020-01-30 10:00:00.000000','\u0417\u0430\u0432\u0442\u0440\u0430\u043a',500,100000)
INSERT INTO MEALS VALUES(100003,'2020-01-30 13:00:00.000000','\u041e\u0431\u0435\u0434',1000,100000)
INSERT INTO MEALS VALUES(100004,'2020-01-30 20:00:00.000000','\u0423\u0436\u0438\u043d',500,100000)
INSERT INTO MEALS VALUES(100005,'2020-01-31 00:00:00.000000','\u0415\u0434\u0430 \u043d\u0430 \u0433\u0440\u0430\u043d\u0438\u0447\u043d\u043e\u0435 \u0437\u043d\u0430\u0447\u0435\u043d\u0438\u0435',100,100000)
INSERT INTO MEALS VALUES(100006,'2020-01-31 10:00:00.000000','\u0417\u0430\u0432\u0442\u0440\u0430\u043a',500,100000)
INSERT INTO MEALS VALUES(100007,'2020-01-31 13:00:00.000000','\u041e\u0431\u0435\u0434',1000,100000)
INSERT INTO MEALS VALUES(100008,'2020-01-31 20:00:00.000000','\u0423\u0436\u0438\u043d',510,100000)
INSERT INTO MEALS VALUES(100009,'2020-01-31 14:00:00.000000','\u0410\u0434\u043c\u0438\u043d \u043b\u0430\u043d\u0447',510,100001)
INSERT INTO MEALS VALUES(100010,'2020-01-31 21:00:00.000000','\u0410\u0434\u043c\u0438\u043d \u0443\u0436\u0438\u043d',1500,100001)
ALTER SEQUENCE PUBLIC.GLOBAL_SEQ RESTART WITH 100011
COMMIT
DISCONNECT
/*C231*/SET SCHEMA PUBLIC
DISCONNECT
/*C232*/SET SCHEMA PUBLIC
DELETE FROM USER_ROLES WHERE USER_ID=100000 AND ROLE='USER'
DELETE FROM USER_ROLES WHERE USER_ID=100001 AND ROLE='ADMIN'
DELETE FROM USERS WHERE ID=100000
DELETE FROM USERS WHERE ID=100001
DELETE FROM MEALS WHERE ID=100002
DELETE FROM MEALS WHERE ID=100003
DELETE FROM MEALS WHERE ID=100004
DELETE FROM MEALS WHERE ID=100005
DELETE FROM MEALS WHERE ID=100006
DELETE FROM MEALS WHERE ID=100007
DELETE FROM MEALS WHERE ID=100008
DELETE FROM MEALS WHERE ID=100009
DELETE FROM MEALS WHERE ID=100010
COMMIT
ALTER SEQUENCE global_seq RESTART WITH 100000
INSERT INTO USERS VALUES(100000,'User','user@yandex.ru','password','2020-07-07 01:18:27.378000',TRUE,2000)
INSERT INTO USERS VALUES(100001,'Admin','admin@gmail.com','admin','2020-07-07 01:18:27.378000',TRUE,2000)
INSERT INTO USER_ROLES VALUES(100000,'USER')
INSERT INTO USER_ROLES VALUES(100001,'ADMIN')
INSERT INTO MEALS VALUES(100002,'2020-01-30 10:00:00.000000','\u0417\u0430\u0432\u0442\u0440\u0430\u043a',500,100000)
INSERT INTO MEALS VALUES(100003,'2020-01-30 13:00:00.000000','\u041e\u0431\u0435\u0434',1000,100000)
INSERT INTO MEALS VALUES(100004,'2020-01-30 20:00:00.000000','\u0423\u0436\u0438\u043d',500,100000)
INSERT INTO MEALS VALUES(100005,'2020-01-31 00:00:00.000000','\u0415\u0434\u0430 \u043d\u0430 \u0433\u0440\u0430\u043d\u0438\u0447\u043d\u043e\u0435 \u0437\u043d\u0430\u0447\u0435\u043d\u0438\u0435',100,100000)
INSERT INTO MEALS VALUES(100006,'2020-01-31 10:00:00.000000','\u0417\u0430\u0432\u0442\u0440\u0430\u043a',500,100000)
INSERT INTO MEALS VALUES(100007,'2020-01-31 13:00:00.000000','\u041e\u0431\u0435\u0434',1000,100000)
INSERT INTO MEALS VALUES(100008,'2020-01-31 20:00:00.000000','\u0423\u0436\u0438\u043d',510,100000)
INSERT INTO MEALS VALUES(100009,'2020-01-31 14:00:00.000000','\u0410\u0434\u043c\u0438\u043d \u043b\u0430\u043d\u0447',510,100001)
INSERT INTO MEALS VALUES(100010,'2020-01-31 21:00:00.000000','\u0410\u0434\u043c\u0438\u043d \u0443\u0436\u0438\u043d',1500,100001)
ALTER SEQUENCE PUBLIC.GLOBAL_SEQ RESTART WITH 100011
COMMIT
DISCONNECT
/*C233*/SET SCHEMA PUBLIC
DISCONNECT
/*C234*/SET SCHEMA PUBLIC
DISCONNECT
/*C235*/SET SCHEMA PUBLIC
DISCONNECT
